#
# A fatal error has been detected by the Java Runtime Environment:
#
#  SIGILL (0x4) at pc=0x00007fff9fbc928e, pid=15484, tid=2059
#
# JRE version: Java(TM) SE Runtime Environment (8.0_40-b27) (build 1.8.0_40-b27)
# Java VM: Java HotSpot(TM) 64-Bit Server VM (25.40-b25 mixed mode bsd-amd64 compressed oops)
# Problematic frame:
# C  [AppKit+0x3a528e]  -[NSApplication _crashOnException:]+0x6d
#
# Failed to write core dump. Core dumps have been disabled. To enable core dumping, try "ulimit -c unlimited" before starting Java again
#
# If you would like to submit a bug report, please visit:
#   http://bugreport.java.com/bugreport/crash.jsp
# The crash happened outside the Java Virtual Machine in native code.
# See problematic frame for where to report the bug.
#

---------------  T H R E A D  ---------------

Current thread (0x00007fdf0e872800):  JavaThread "AppKit Thread" daemon [_thread_in_native, id=2059, stack(0x00007fff5822d000,0x00007fff58a2d000)]

siginfo: si_signo: 4 (SIGILL), si_code: 1 (ILL_ILLOPC), si_addr: 0x00007fff9fbc928e

Registers:
RAX=0x00007fdf1487d600, RBX=0x00007fdf0e46a4d0, RCX=0x0000000000000001, RDX=0x0000000000000000
RSP=0x00007fff58a28260, RBP=0x00007fff58a28270, RSI=0x00000000000012fb, RDI=0x00007fdf13b7f770
R8 =0x0000000008000100, R9 =0x0000000000000000, R10=0x00007fffbc41dfb8, R11=0x00000000000019ff
R12=0x000000000000002d, R13=0x00007fffa03a1ff5, R14=0x00007fffb6327b40, R15=0x00007fffbc41ef80
RIP=0x00007fff9fbc928e, EFLAGS=0x0000000000010206, ERR=0x0000000000000000
  TRAPNO=0x0000000000000006

Top of Stack: (sp=0x00007fff58a28260)
0x00007fff58a28260:   00007fdf1385fee0 00007fffa03a19f2
0x00007fff58a28270:   00007fff58a283a0 00007fff9fc995ad
0x00007fff58a28280:   00007fdf0e72d2c0 00007fffa03a1df1
0x00007fff58a28290:   00007fdf0e618600 00007fdf1389fd60
0x00007fff58a282a0:   00007fdf0e46a4d0 00007fdf13836500
0x00007fff58a282b0:   ffffffffffffffff 00007fff58a282f0
0x00007fff58a282c0:   00007fff58a282c8 000000000000002d
0x00007fff58a282d0:   0000000000000000 0000000000000000
0x00007fff58a282e0:   0000000000000000 0000000000000000
0x00007fff58a282f0:   00007fdf13862150 00007fdf138621c0
0x00007fff58a28300:   00007fdf13862240 00007fdf138622b0
0x00007fff58a28310:   00007fdf13862320 00007fdf138623b0
0x00007fff58a28320:   00007fdf13862420 00007fdf13862490
0x00007fff58a28330:   00007fdf13862500 00007fdf1385d000
0x00007fff58a28340:   00007fdf1385d060 00007fdf1385d0c0
0x00007fff58a28350:   00007fdf1385d120 00007fdf13832160
0x00007fff58a28360:   00007fdf138321d0 00007fdf138620b0
0x00007fff58a28370:   65cf5320ad8a00db 00007fff58a283a0
0x00007fff58a28380:   00007fdf13b3e4c0 00007fff58a283b0
0x00007fff58a28390:   00007fdf0e46a4d0 00007fdf0e618600
0x00007fff58a283a0:   00007fff58a283f0 00007fff9fbc91fc
0x00007fff58a283b0:   6300000000040000 00007fff58a283b0
0x00007fff58a283c0:   65cf5320ad8a00db 00007fff58a28400
0x00007fff58a283d0:   00007fff58a28400 0000000000000000
0x00007fff58a283e0:   00007fff58a283f0 00007fdf0e46a4d0
0x00007fff58a283f0:   00007fff58a28420 00007fff9fc91dd3
0x00007fff58a28400:   00007fff58a287b0 0000000000000000
0x00007fff58a28410:   0000000000000001 00007fdf0e428030
0x00007fff58a28420:   00007fff58a28730 00007fffa114ce9d
0x00007fff58a28430:   00007fdf0e428030 00007fffa114caea
0x00007fff58a28440:   00007fff58a28480 00007fdf0e469c18
0x00007fff58a28450:   0000000000000000 0000000000000002 

Instructions: (pc=0x00007fff9fbc928e)
0x00007fff9fbc926e:   48 89 c7 ff 15 f9 bd fe 1b 48 8b 35 b2 7b 27 1c
0x00007fff9fbc927e:   48 89 c7 ff 15 e9 bd fe 1b 48 89 05 9a d1 2d 1c
0x00007fff9fbc928e:   0f 0b 48 89 c7 e8 7c 5c 72 00 31 ff 31 f6 31 c0
0x00007fff9fbc929e:   e8 e3 c3 e2 ff e8 90 5c 72 00 48 89 c3 e8 7c 5c 

Register to memory mapping:

RAX=0x00007fdf1487d600 is an unknown value
RBX=0x00007fdf0e46a4d0 is an unknown value
RCX=0x0000000000000001 is an unknown value
RDX=0x0000000000000000 is an unknown value
RSP=0x00007fff58a28260 is pointing into the stack for thread: 0x00007fdf0e872800
RBP=0x00007fff58a28270 is pointing into the stack for thread: 0x00007fdf0e872800
RSI=0x00000000000012fb is an unknown value
RDI=0x00007fdf13b7f770 is an unknown value
R8 =0x0000000008000100 is an unknown value
R9 =0x0000000000000000 is an unknown value
R10=0x00007fffbc41dfb8: OBJC_CLASS_$___NSCFString+0 in /System/Library/Frameworks/CoreFoundation.framework/Versions/A/CoreFoundation at 0x00007fffa1b4c000
R11=0x00000000000019ff is an unknown value
R12=0x000000000000002d is an unknown value
R13=0x00007fffa03a1ff5: __NSStyleNameIndexTable+0x6d308 in /System/Library/Frameworks/AppKit.framework/Versions/C/AppKit at 0x00007fff9f824000
R14=0x00007fffb6327b40: objc_msgSend+0 in /usr/lib/libobjc.A.dylib at 0x00007fffb6321000
R15=0x00007fffbc41ef80: OBJC_CLASS_$_NSDictionary+0 in /System/Library/Frameworks/CoreFoundation.framework/Versions/A/CoreFoundation at 0x00007fffa1b4c000


Stack: [0x00007fff5822d000,0x00007fff58a2d000],  sp=0x00007fff58a28260,  free space=8172k
Native frames: (J=compiled Java code, j=interpreted, Vv=VM code, C=native code)
C  [AppKit+0x3a528e]  -[NSApplication _crashOnException:]+0x6d
C  [AppKit+0x4755ad]  -[NSApplication _showException:]+0x2e8
C  [AppKit+0x3a51fc]  -[NSApplication reportException:]+0x167
C  [AppKit+0x46ddd3]  uncaughtErrorProc+0x9e
C  [HIToolbox+0x8e9d]  DispatchEventToHandlers(EventTargetRec*, OpaqueEventRef*, HandlerCallRec*)+0x474
C  [HIToolbox+0x8346]  SendEventToEventTargetInternal(OpaqueEventRef*, OpaqueEventTargetRef*, HandlerCallRec*)+0x1ac
C  [HIToolbox+0x818f]  SendEventToEventTargetWithOptions+0x2b
C  [HIToolbox+0x5ef86]  SendTSMEvent_WithCompletionHandler+0x198
C  [HIToolbox+0x212378]  __SendTextInputEvent_WithCompletionHandler_block_invoke+0x248
C  [HIToolbox+0x210689]  SendTextInputEvent_WithCompletionHandler+0x482
C  [HIToolbox+0x281829]  -[IMKInputSession _postEvent:completionHandler:]+0xb0
C  [HIToolbox+0x291485]  -[IMKInputSession _copyUniCharsForRange:intoBuffer:ofLength:completionHandler:]+0x212
C  [HIToolbox+0x291c0e]  -[IMKInputSession _coreAttributesFromRange:whichAttributes:completionHandler:]+0x119
C  [HIToolbox+0x293bb0]  -[IMKInputSession attributedSubstringFromRange:completionHandler:]+0xba
C  [HIToolbox+0x2843ab]  __61-[IMKInputSession imkxpc_attributedSubstringFromRange:reply:]_block_invoke+0x212
C  [CoreFoundation+0xa73ac]  __CFRUNLOOP_IS_CALLING_OUT_TO_A_BLOCK__+0xc
C  [CoreFoundation+0x88424]  __CFRunLoopDoBlocks+0x164
C  [CoreFoundation+0x87f66]  __CFRunLoopRun+0x756
C  [CoreFoundation+0x875b4]  CFRunLoopRunSpecific+0x1a4
C  [HIToolbox+0x30f6c]  RunCurrentEventLoopInMode+0xf0
C  [HIToolbox+0x30da1]  ReceiveNextEventCommon+0x1b0
C  [HIToolbox+0x30bd6]  _BlockUntilNextEventMatchingListInModeWithFilter+0x47
C  [AppKit+0x475f5]  _DPSNextEvent+0x445
C  [AppKit+0x7578eb]  -[NSApplication(NSEvent) _nextEventMatchingEventMask:untilDate:inMode:dequeue:]+0x665
C  [libosxapp.dylib+0x242a]  -[NSApplicationAWT nextEventMatchingMask:untilDate:inMode:dequeue:]+0x7c
C  [AppKit+0x3bfbd]  -[NSApplication run]+0x39e
C  [libosxapp.dylib+0x223e]  +[NSApplicationAWT runAWTLoopWithApp:]+0x9c
C  [libawt_lwawt.dylib+0x4463b]  -[AWTStarter starter:]+0x389
C  [Foundation+0x71f2a]  __NSThreadPerformPerform+0x146
C  [CoreFoundation+0xa7551]  __CFRUNLOOP_IS_CALLING_OUT_TO_A_SOURCE0_PERFORM_FUNCTION__+0x11
C  [CoreFoundation+0x886bd]  __CFRunLoopDoSources0+0x22d
C  [CoreFoundation+0x87bb6]  __CFRunLoopRun+0x3a6
C  [CoreFoundation+0x875b4]  CFRunLoopRunSpecific+0x1a4
C  [java+0x6490]  CreateExecutionEnvironment+0x367
C  [java+0x221c]  JLI_Launch+0x7a0
C  [java+0x84ed]  main+0x65
C  [java+0x1a74]  start+0x34
C  0x0000000000000005


---------------  P R O C E S S  ---------------

Java Threads: ( => current thread )
  0x00007fdf0f202000 JavaThread "Image Fetcher 0" daemon [_thread_blocked, id=4411, stack(0x000070000e0e5000,0x000070000e1e5000)]
  0x00007fdf0f3f0000 JavaThread "TimerQueue" daemon [_thread_blocked, id=69859, stack(0x000070000e6fd000,0x000070000e7fd000)]
  0x00007fdf0f002800 JavaThread "DestroyJavaVM" [_thread_blocked, id=7171, stack(0x000070000ceaf000,0x000070000cfaf000)]
  0x00007fdf0f32b000 JavaThread "AWT-EventQueue-0" [_thread_in_native, id=64799, stack(0x000070000e577000,0x000070000e677000)]
  0x00007fdf101a3000 JavaThread "Java2D Disposer" daemon [_thread_blocked, id=57615, stack(0x000070000e371000,0x000070000e471000)]
  0x00007fdf0f204800 JavaThread "Java2D Queue Flusher" daemon [_thread_blocked, id=48915, stack(0x000070000e26e000,0x000070000e36e000)]
  0x00007fdf100ea000 JavaThread "AWT-Shutdown" [_thread_blocked, id=30751, stack(0x000070000dfe2000,0x000070000e0e2000)]
=>0x00007fdf0e872800 JavaThread "AppKit Thread" daemon [_thread_in_native, id=2059, stack(0x00007fff5822d000,0x00007fff58a2d000)]
  0x00007fdf0f180800 JavaThread "GC Daemon" daemon [_thread_blocked, id=20483, stack(0x000070000dedf000,0x000070000dfdf000)]
  0x00007fdf0f180000 JavaThread "RMI RenewClean-[127.0.0.1:53099]" daemon [_thread_blocked, id=19971, stack(0x000070000dddc000,0x000070000dedc000)]
  0x00007fdf0f17b000 JavaThread "RMI Scheduler(0)" daemon [_thread_blocked, id=19459, stack(0x000070000dcd9000,0x000070000ddd9000)]
  0x00007fdf0f05a800 JavaThread "Service Thread" daemon [_thread_blocked, id=18435, stack(0x000070000dad3000,0x000070000dbd3000)]
  0x00007fdf10036000 JavaThread "C1 CompilerThread2" daemon [_thread_blocked, id=17923, stack(0x000070000d9d0000,0x000070000dad0000)]
  0x00007fdf10032800 JavaThread "C2 CompilerThread1" daemon [_thread_blocked, id=17411, stack(0x000070000d8cd000,0x000070000d9cd000)]
  0x00007fdf0f062000 JavaThread "C2 CompilerThread0" daemon [_thread_blocked, id=16899, stack(0x000070000d7ca000,0x000070000d8ca000)]
  0x00007fdf0f061800 JavaThread "Signal Dispatcher" daemon [_thread_blocked, id=16387, stack(0x000070000d6c7000,0x000070000d7c7000)]
  0x00007fdf0e80d000 JavaThread "Finalizer" daemon [_thread_blocked, id=12547, stack(0x000070000d5c4000,0x000070000d6c4000)]
  0x00007fdf0f806800 JavaThread "Reference Handler" daemon [_thread_blocked, id=12035, stack(0x000070000d4c1000,0x000070000d5c1000)]

Other Threads:
  0x00007fdf0e80c800 VMThread [stack: 0x000070000d3be000,0x000070000d4be000] [id=11523]
  0x00007fdf0f09b000 WatcherThread [stack: 0x000070000dbd6000,0x000070000dcd6000] [id=18947]

VM state:not at safepoint (normal execution)

VM Mutex/Monitor currently owned by a thread: None

Heap:
 PSYoungGen      total 24064K, used 8786K [0x0000000795580000, 0x0000000798280000, 0x00000007c0000000)
  eden space 22528K, 32% used [0x0000000795580000,0x0000000795cacd30,0x0000000796b80000)
  from space 1536K, 93% used [0x0000000796b80000,0x0000000796ce7d30,0x0000000796d00000)
  to   space 11776K, 0% used [0x0000000797700000,0x0000000797700000,0x0000000798280000)
 ParOldGen       total 87552K, used 41428K [0x0000000740000000, 0x0000000745580000, 0x0000000795580000)
  object space 87552K, 47% used [0x0000000740000000,0x0000000742875118,0x0000000745580000)
 Metaspace       used 15507K, capacity 15714K, committed 16000K, reserved 1062912K
  class space    used 1970K, capacity 2054K, committed 2176K, reserved 1048576K

Card table byte_map: [0x0000000117f29000,0x000000011832a000] byte_map_base: 0x0000000114529000

Marking Bits: (ParMarkBitMap*) 0x00000001084c27a0
 Begin Bits: [0x00000001185d5000, 0x000000011a5d5000)
 End Bits:   [0x000000011a5d5000, 0x000000011c5d5000)

Polling page: 0x0000000107272000

CodeCache: size=245760Kb used=5978Kb max_used=5990Kb free=239781Kb
 bounds [0x0000000108b69000, 0x0000000109149000, 0x0000000117b69000]
 total_blobs=2392 nmethods=1837 adapters=467
 compilation: enabled

Compilation events (10 events):
Event: 42.696 Thread 0x00007fdf10036000 nmethod 1969 0x000000010913a3d0 code [0x000000010913a520, 0x000000010913a630]
Event: 43.017 Thread 0x00007fdf10036000 1970       3       java.awt.Component::checkImage (82 bytes)
Event: 43.017 Thread 0x00007fdf10032800 1971       4       java.awt.geom.AffineTransform::transform (635 bytes)
Event: 43.018 Thread 0x00007fdf10036000 nmethod 1970 0x0000000109141350 code [0x0000000109141520, 0x0000000109141d38]
Event: 43.043 Thread 0x00007fdf10032800 nmethod 1971 0x0000000109145b50 code [0x0000000109145ce0, 0x0000000109146c88]
Event: 43.866 Thread 0x00007fdf0f062000 1972       4       java.awt.KeyboardFocusManager::getCurrentKeyboardFocusManager (7 bytes)
Event: 43.867 Thread 0x00007fdf10036000 1973       3       javax.swing.ArrayTable::containsKey (78 bytes)
Event: 43.867 Thread 0x00007fdf10036000 nmethod 1973 0x0000000109144f50 code [0x0000000109145120, 0x00000001091458f8]
Event: 43.867 Thread 0x00007fdf10036000 1974       3       java.awt.Component::getContainingWindow (5 bytes)
Event: 43.868 Thread 0x00007fdf10036000 nmethod 1974 0x0000000109144750 code [0x00000001091448e0, 0x0000000109144e08]

GC Heap History (10 events):
Event: 38.616 GC heap before
{Heap before GC invocations=18 (full 1):
 PSYoungGen      total 35328K, used 23523K [0x0000000795580000, 0x0000000798500000, 0x00000007c0000000)
  eden space 23040K, 97% used [0x0000000795580000,0x0000000796b78800,0x0000000796c00000)
  from space 12288K, 8% used [0x0000000797900000,0x0000000797a006e0,0x0000000798500000)
  to   space 12800K, 0% used [0x0000000796c00000,0x0000000796c00000,0x0000000797880000)
 ParOldGen       total 87552K, used 35793K [0x0000000740000000, 0x0000000745580000, 0x0000000795580000)
  object space 87552K, 40% used [0x0000000740000000,0x00000007422f4798,0x0000000745580000)
 Metaspace       used 15404K, capacity 15650K, committed 16000K, reserved 1062912K
  class space    used 1955K, capacity 2054K, committed 2176K, reserved 1048576K
Event: 38.617 GC heap after
Heap after GC invocations=18 (full 1):
 PSYoungGen      total 35840K, used 1025K [0x0000000795580000, 0x0000000798500000, 0x00000007c0000000)
  eden space 23040K, 0% used [0x0000000795580000,0x0000000795580000,0x0000000796c00000)
  from space 12800K, 8% used [0x0000000796c00000,0x0000000796d006e0,0x0000000797880000)
  to   space 12800K, 0% used [0x0000000797880000,0x0000000797880000,0x0000000798500000)
 ParOldGen       total 87552K, used 35817K [0x0000000740000000, 0x0000000745580000, 0x0000000795580000)
  object space 87552K, 40% used [0x0000000740000000,0x00000007422fa798,0x0000000745580000)
 Metaspace       used 15404K, capacity 15650K, committed 16000K, reserved 1062912K
  class space    used 1955K, capacity 2054K, committed 2176K, reserved 1048576K
}
Event: 39.509 GC heap before
{Heap before GC invocations=19 (full 1):
 PSYoungGen      total 35840K, used 24065K [0x0000000795580000, 0x0000000798500000, 0x00000007c0000000)
  eden space 23040K, 100% used [0x0000000795580000,0x0000000796c00000,0x0000000796c00000)
  from space 12800K, 8% used [0x0000000796c00000,0x0000000796d006e0,0x0000000797880000)
  to   space 12800K, 0% used [0x0000000797880000,0x0000000797880000,0x0000000798500000)
 ParOldGen       total 87552K, used 35817K [0x0000000740000000, 0x0000000745580000, 0x0000000795580000)
  object space 87552K, 40% used [0x0000000740000000,0x00000007422fa798,0x0000000745580000)
 Metaspace       used 15413K, capacity 15650K, committed 16000K, reserved 1062912K
  class space    used 1955K, capacity 2054K, committed 2176K, reserved 1048576K
Event: 39.510 GC heap after
Heap after GC invocations=19 (full 1):
 PSYoungGen      total 34816K, used 1089K [0x0000000795580000, 0x0000000798400000, 0x00000007c0000000)
  eden space 23040K, 0% used [0x0000000795580000,0x0000000795580000,0x0000000796c00000)
  from space 11776K, 9% used [0x0000000797880000,0x00000007979906e0,0x0000000798400000)
  to   space 12288K, 0% used [0x0000000796c00000,0x0000000796c00000,0x0000000797800000)
 ParOldGen       total 87552K, used 35825K [0x0000000740000000, 0x0000000745580000, 0x0000000795580000)
  object space 87552K, 40% used [0x0000000740000000,0x00000007422fc798,0x0000000745580000)
 Metaspace       used 15413K, capacity 15650K, committed 16000K, reserved 1062912K
  class space    used 1955K, capacity 2054K, committed 2176K, reserved 1048576K
}
Event: 42.512 GC heap before
{Heap before GC invocations=20 (full 1):
 PSYoungGen      total 34816K, used 24129K [0x0000000795580000, 0x0000000798400000, 0x00000007c0000000)
  eden space 23040K, 100% used [0x0000000795580000,0x0000000796c00000,0x0000000796c00000)
  from space 11776K, 9% used [0x0000000797880000,0x00000007979906e0,0x0000000798400000)
  to   space 12288K, 0% used [0x0000000796c00000,0x0000000796c00000,0x0000000797800000)
 ParOldGen       total 87552K, used 35825K [0x0000000740000000, 0x0000000745580000, 0x0000000795580000)
  object space 87552K, 40% used [0x0000000740000000,0x00000007422fc798,0x0000000745580000)
 Metaspace       used 15506K, capacity 15714K, committed 16000K, reserved 1062912K
  class space    used 1969K, capacity 2054K, committed 2176K, reserved 1048576K
Event: 42.513 GC heap after
Heap after GC invocations=20 (full 1):
 PSYoungGen      total 24064K, used 865K [0x0000000795580000, 0x0000000798300000, 0x00000007c0000000)
  eden space 23040K, 0% used [0x0000000795580000,0x0000000795580000,0x0000000796c00000)
  from space 1024K, 84% used [0x0000000796c00000,0x0000000796cd86e0,0x0000000796d00000)
  to   space 11776K, 0% used [0x0000000797780000,0x0000000797780000,0x0000000798300000)
 ParOldGen       total 87552K, used 35849K [0x0000000740000000, 0x0000000745580000, 0x0000000795580000)
  object space 87552K, 40% used [0x0000000740000000,0x0000000742302798,0x0000000745580000)
 Metaspace       used 15506K, capacity 15714K, committed 16000K, reserved 1062912K
  class space    used 1969K, capacity 2054K, committed 2176K, reserved 1048576K
}
Event: 42.760 GC heap before
{Heap before GC invocations=21 (full 1):
 PSYoungGen      total 24064K, used 23723K [0x0000000795580000, 0x0000000798300000, 0x00000007c0000000)
  eden space 23040K, 99% used [0x0000000795580000,0x0000000796bd28a0,0x0000000796c00000)
  from space 1024K, 84% used [0x0000000796c00000,0x0000000796cd86e0,0x0000000796d00000)
  to   space 11776K, 0% used [0x0000000797780000,0x0000000797780000,0x0000000798300000)
 ParOldGen       total 87552K, used 35849K [0x0000000740000000, 0x0000000745580000, 0x0000000795580000)
  object space 87552K, 40% used [0x0000000740000000,0x0000000742302798,0x0000000745580000)
 Metaspace       used 15506K, capacity 15714K, committed 16000K, reserved 1062912K
  class space    used 1969K, capacity 2054K, committed 2176K, reserved 1048576K
Event: 42.762 GC heap after
Heap after GC invocations=21 (full 1):
 PSYoungGen      total 34304K, used 6881K [0x0000000795580000, 0x0000000798400000, 0x00000007c0000000)
  eden space 22528K, 0% used [0x0000000795580000,0x0000000795580000,0x0000000796b80000)
  from space 11776K, 58% used [0x0000000797780000,0x0000000797e386b0,0x0000000798300000)
  to   space 12288K, 0% used [0x0000000796b80000,0x0000000796b80000,0x0000000797780000)
 ParOldGen       total 87552K, used 35897K [0x0000000740000000, 0x0000000745580000, 0x0000000795580000)
  object space 87552K, 41% used [0x0000000740000000,0x000000074230e798,0x0000000745580000)
 Metaspace       used 15506K, capacity 15714K, committed 16000K, reserved 1062912K
  class space    used 1969K, capacity 2054K, committed 2176K, reserved 1048576K
}
Event: 42.962 GC heap before
{Heap before GC invocations=22 (full 1):
 PSYoungGen      total 34304K, used 27985K [0x0000000795580000, 0x0000000798400000, 0x00000007c0000000)
  eden space 22528K, 93% used [0x0000000795580000,0x0000000796a1bee8,0x0000000796b80000)
  from space 11776K, 58% used [0x0000000797780000,0x0000000797e386b0,0x0000000798300000)
  to   space 12288K, 0% used [0x0000000796b80000,0x0000000796b80000,0x0000000797780000)
 ParOldGen       total 87552K, used 35897K [0x0000000740000000, 0x0000000745580000, 0x0000000795580000)
  object space 87552K, 41% used [0x0000000740000000,0x000000074230e798,0x0000000745580000)
 Metaspace       used 15506K, capacity 15714K, committed 16000K, reserved 1062912K
  class space    used 1969K, capacity 2054K, committed 2176K, reserved 1048576K
Event: 42.965 GC heap after
Heap after GC invocations=22 (full 1):
 PSYoungGen      total 24064K, used 1439K [0x0000000795580000, 0x0000000798280000, 0x00000007c0000000)
  eden space 22528K, 0% used [0x0000000795580000,0x0000000795580000,0x0000000796b80000)
  from space 1536K, 93% used [0x0000000796b80000,0x0000000796ce7d30,0x0000000796d00000)
  to   space 11776K, 0% used [0x0000000797700000,0x0000000797700000,0x0000000798280000)
 ParOldGen       total 87552K, used 41428K [0x0000000740000000, 0x0000000745580000, 0x0000000795580000)
  object space 87552K, 47% used [0x0000000740000000,0x0000000742875118,0x0000000745580000)
 Metaspace       used 15506K, capacity 15714K, committed 16000K, reserved 1062912K
  class space    used 1969K, capacity 2054K, committed 2176K, reserved 1048576K
}

Deoptimization events (10 events):
Event: 14.559 Thread 0x00007fdf0f435800 Uncommon trap: reason=bimorphic action=maybe_recompile pc=0x0000000108f2ff94 method=sun.awt.image.ImageDecoder.setPixels(IIIILjava/awt/image/ColorModel;[III)I @ 44
Event: 15.387 Thread 0x00007fdf0f435800 Uncommon trap: reason=unstable_if action=reinterpret pc=0x0000000108d9bde8 method=java.awt.image.ReplicateScaleFilter.setPixels(IIIILjava/awt/image/ColorModel;[III)V @ 4
Event: 15.387 Thread 0x00007fdf0f435800 Uncommon trap: reason=class_check action=maybe_recompile pc=0x0000000108d9ecf0 method=java.awt.image.ReplicateScaleFilter.setPixels(IIIILjava/awt/image/ColorModel;[III)V @ 217
Event: 15.388 Thread 0x00007fdf0f435800 Uncommon trap: reason=class_check action=maybe_recompile pc=0x0000000108d9ecf0 method=java.awt.image.ReplicateScaleFilter.setPixels(IIIILjava/awt/image/ColorModel;[III)V @ 217
Event: 15.388 Thread 0x00007fdf0f435800 Uncommon trap: reason=class_check action=maybe_recompile pc=0x0000000108d9ecf0 method=java.awt.image.ReplicateScaleFilter.setPixels(IIIILjava/awt/image/ColorModel;[III)V @ 217
Event: 15.388 Thread 0x00007fdf0f435800 Uncommon trap: reason=class_check action=maybe_recompile pc=0x0000000108d9ecf0 method=java.awt.image.ReplicateScaleFilter.setPixels(IIIILjava/awt/image/ColorModel;[III)V @ 217
Event: 15.431 Thread 0x00007fdf0f17b000 Uncommon trap: reason=class_check action=maybe_recompile pc=0x0000000108f43e0c method=java.util.concurrent.locks.AbstractQueuedSynchronizer.release(I)Z @ 2
Event: 15.443 Thread 0x00007fdf0f17b000 Uncommon trap: reason=class_check action=maybe_recompile pc=0x0000000108f43e0c method=java.util.concurrent.locks.AbstractQueuedSynchronizer.release(I)Z @ 2
Event: 17.484 Thread 0x00007fdf0f32b000 Uncommon trap: reason=class_check action=maybe_recompile pc=0x0000000108f43e0c method=java.util.concurrent.locks.AbstractQueuedSynchronizer.release(I)Z @ 2
Event: 17.487 Thread 0x00007fdf0f32b000 Uncommon trap: reason=class_check action=maybe_recompile pc=0x0000000108f43e0c method=java.util.concurrent.locks.AbstractQueuedSynchronizer.release(I)Z @ 2

Internal exceptions (10 events):
Event: 14.298 Thread 0x00007fdf0f32b000 Exception <a 'java/io/FileNotFoundException'> (0x0000000795860a08) thrown at [/Users/java_re/workspace/8-2-build-macosx-x86_64/jdk8u40/3153/hotspot/src/share/vm/prims/jni.cpp, line 709]
Event: 14.331 Thread 0x00007fdf0f32b000 Exception <a 'java/io/FileNotFoundException'> (0x0000000795b99920) thrown at [/Users/java_re/workspace/8-2-build-macosx-x86_64/jdk8u40/3153/hotspot/src/share/vm/prims/jni.cpp, line 709]
Event: 14.344 Thread 0x00007fdf0f32b000 Exception <a 'java/io/FileNotFoundException'> (0x0000000795ba8408) thrown at [/Users/java_re/workspace/8-2-build-macosx-x86_64/jdk8u40/3153/hotspot/src/share/vm/prims/jni.cpp, line 709]
Event: 14.351 Thread 0x00007fdf0f32b000 Exception <a 'java/io/FileNotFoundException'> (0x0000000795bb7370) thrown at [/Users/java_re/workspace/8-2-build-macosx-x86_64/jdk8u40/3153/hotspot/src/share/vm/prims/jni.cpp, line 709]
Event: 14.379 Thread 0x00007fdf0f32b000 Exception <a 'java/io/FileNotFoundException'> (0x0000000795f16eb8) thrown at [/Users/java_re/workspace/8-2-build-macosx-x86_64/jdk8u40/3153/hotspot/src/share/vm/prims/jni.cpp, line 709]
Event: 14.450 Thread 0x00007fdf0f32b000 Exception <a 'java/io/FileNotFoundException'> (0x0000000795f57bf8) thrown at [/Users/java_re/workspace/8-2-build-macosx-x86_64/jdk8u40/3153/hotspot/src/share/vm/prims/jni.cpp, line 709]
Event: 14.468 Thread 0x00007fdf0f32b000 Exception <a 'java/io/FileNotFoundException'> (0x0000000795f5a9d8) thrown at [/Users/java_re/workspace/8-2-build-macosx-x86_64/jdk8u40/3153/hotspot/src/share/vm/prims/jni.cpp, line 709]
Event: 14.480 Thread 0x00007fdf0f32b000 Exception <a 'java/io/FileNotFoundException'> (0x00000007964acee8) thrown at [/Users/java_re/workspace/8-2-build-macosx-x86_64/jdk8u40/3153/hotspot/src/share/vm/prims/jni.cpp, line 709]
Event: 15.387 Thread 0x00007fdf0f435800 Implicit null exception at 0x0000000108d9b56c to 0x0000000108d9bdd5
Event: 42.460 Thread 0x00007fdf0e872800 Exception <a 'java/lang/NullPointerException'> (0x0000000796b88e70) thrown at [/Users/java_re/workspace/8-2-build-macosx-x86_64/jdk8u40/3153/hotspot/src/share/vm/prims/jni.cpp, line 1318]

Events (10 events):
Event: 42.509 loading class javax/swing/JMenuItem done
Event: 42.509 loading class javax/swing/JMenu done
Event: 42.512 Executing VM operation: ParallelGCFailedAllocation
Event: 42.513 Executing VM operation: ParallelGCFailedAllocation done
Event: 42.760 Executing VM operation: ParallelGCFailedAllocation
Event: 42.762 Executing VM operation: ParallelGCFailedAllocation done
Event: 42.962 Executing VM operation: ParallelGCFailedAllocation
Event: 42.965 Executing VM operation: ParallelGCFailedAllocation done
Event: 43.339 loading class java/awt/LightweightDispatcher$2
Event: 43.339 loading class java/awt/LightweightDispatcher$2 done


Dynamic libraries:
0x000000002c9d7000 	/System/Library/Frameworks/Cocoa.framework/Versions/A/Cocoa
0x000000002c9d7000 	/System/Library/Frameworks/Security.framework/Versions/A/Security
0x000000002c9d7000 	/System/Library/Frameworks/ApplicationServices.framework/Versions/A/ApplicationServices
0x000000002c9d7000 	/usr/lib/libz.1.dylib
0x000000002c9d7000 	/usr/lib/libSystem.B.dylib
0x000000002c9d7000 	/usr/lib/libobjc.A.dylib
0x000000002c9d7000 	/System/Library/Frameworks/CoreFoundation.framework/Versions/A/CoreFoundation
0x000000002c9d7000 	/System/Library/Frameworks/Foundation.framework/Versions/C/Foundation
0x000000002c9d7000 	/System/Library/Frameworks/AppKit.framework/Versions/C/AppKit
0x000000002c9d7000 	/System/Library/Frameworks/CoreData.framework/Versions/A/CoreData
0x000000002c9d7000 	/System/Library/PrivateFrameworks/RemoteViewServices.framework/Versions/A/RemoteViewServices
0x000000002c9d7000 	/System/Library/PrivateFrameworks/UIFoundation.framework/Versions/A/UIFoundation
0x000000002c9d7000 	/usr/lib/libenergytrace.dylib
0x000000002c9d7000 	/System/Library/PrivateFrameworks/SkyLight.framework/Versions/A/SkyLight
0x000000002c9d7000 	/System/Library/Frameworks/CoreGraphics.framework/Versions/A/CoreGraphics
0x000000002c9d7000 	/usr/lib/libScreenReader.dylib
0x000000002c9d7000 	/System/Library/Frameworks/Accelerate.framework/Versions/A/Accelerate
0x000000002c9d7000 	/System/Library/Frameworks/IOSurface.framework/Versions/A/IOSurface
0x000000002c9d7000 	/System/Library/Frameworks/AudioToolbox.framework/Versions/A/AudioToolbox
0x000000002c9d7000 	/System/Library/Frameworks/AudioUnit.framework/Versions/A/AudioUnit
0x000000002c9d7000 	/System/Library/PrivateFrameworks/DataDetectorsCore.framework/Versions/A/DataDetectorsCore
0x000000002c9d7000 	/System/Library/PrivateFrameworks/DesktopServicesPriv.framework/Versions/A/DesktopServicesPriv
0x000000002c9d7000 	/System/Library/Frameworks/Carbon.framework/Versions/A/Frameworks/HIToolbox.framework/Versions/A/HIToolbox
0x000000002c9d7000 	/usr/lib/libicucore.A.dylib
0x000000002c9d7000 	/System/Library/Frameworks/QuartzCore.framework/Versions/A/QuartzCore
0x000000002c9d7000 	/System/Library/Frameworks/Carbon.framework/Versions/A/Frameworks/SpeechRecognition.framework/Versions/A/SpeechRecognition
0x000000002c9d7000 	/usr/lib/libauto.dylib
0x000000002c9d7000 	/usr/lib/libxml2.2.dylib
0x000000002c9d7000 	/System/Library/PrivateFrameworks/CoreUI.framework/Versions/A/CoreUI
0x000000002c9d7000 	/System/Library/Frameworks/CoreAudio.framework/Versions/A/CoreAudio
0x000000002c9d7000 	/System/Library/Frameworks/DiskArbitration.framework/Versions/A/DiskArbitration
0x000000002c9d7000 	/usr/lib/liblangid.dylib
0x000000002c9d7000 	/System/Library/PrivateFrameworks/MultitouchSupport.framework/Versions/A/MultitouchSupport
0x000000002c9d7000 	/System/Library/Frameworks/IOKit.framework/Versions/A/IOKit
0x000000002c9d7000 	/usr/lib/libDiagnosticMessagesClient.dylib
0x000000002c9d7000 	/System/Library/Frameworks/CoreServices.framework/Versions/A/CoreServices
0x000000002c9d7000 	/System/Library/PrivateFrameworks/PerformanceAnalysis.framework/Versions/A/PerformanceAnalysis
0x000000002c9d7000 	/System/Library/PrivateFrameworks/GenerationalStorage.framework/Versions/A/GenerationalStorage
0x000000002c9d7000 	/System/Library/Frameworks/OpenGL.framework/Versions/A/OpenGL
0x000000002c9d7000 	/System/Library/Frameworks/CoreImage.framework/Versions/A/CoreImage
0x000000002c9d7000 	/System/Library/Frameworks/CoreText.framework/Versions/A/CoreText
0x000000002c9d7000 	/System/Library/Frameworks/ImageIO.framework/Versions/A/ImageIO
0x000000002c9d7000 	/System/Library/PrivateFrameworks/Backup.framework/Versions/A/Backup
0x000000002c9d7000 	/usr/lib/libarchive.2.dylib
0x000000002c9d7000 	/System/Library/Frameworks/CFNetwork.framework/Versions/A/CFNetwork
0x000000002c9d7000 	/System/Library/Frameworks/SystemConfiguration.framework/Versions/A/SystemConfiguration
0x000000002c9d7000 	/usr/lib/libCRFSuite.dylib
0x000000002c9d7000 	/usr/lib/libc++.1.dylib
0x000000002c9d7000 	/usr/lib/libc++abi.dylib
0x000000002c9d7000 	/usr/lib/system/libcache.dylib
0x000000002c9d7000 	/usr/lib/system/libcommonCrypto.dylib
0x000000002c9d7000 	/usr/lib/system/libcompiler_rt.dylib
0x000000002c9d7000 	/usr/lib/system/libcopyfile.dylib
0x000000002c9d7000 	/usr/lib/system/libcorecrypto.dylib
0x000000002c9d7000 	/usr/lib/system/libdispatch.dylib
0x000000002c9d7000 	/usr/lib/system/libdyld.dylib
0x000000002c9d7000 	/usr/lib/system/libkeymgr.dylib
0x000000002c9d7000 	/usr/lib/system/liblaunch.dylib
0x000000002c9d7000 	/usr/lib/system/libmacho.dylib
0x000000002c9d7000 	/usr/lib/system/libquarantine.dylib
0x000000002c9d7000 	/usr/lib/system/libremovefile.dylib
0x000000002c9d7000 	/usr/lib/system/libsystem_asl.dylib
0x000000002c9d7000 	/usr/lib/system/libsystem_blocks.dylib
0x000000002c9d7000 	/usr/lib/system/libsystem_c.dylib
0x000000002c9d7000 	/usr/lib/system/libsystem_configuration.dylib
0x000000002c9d7000 	/usr/lib/system/libsystem_coreservices.dylib
0x000000002c9d7000 	/usr/lib/system/libsystem_coretls.dylib
0x000000002c9d7000 	/usr/lib/system/libsystem_dnssd.dylib
0x000000002c9d7000 	/usr/lib/system/libsystem_info.dylib
0x000000002c9d7000 	/usr/lib/system/libsystem_kernel.dylib
0x000000002c9d7000 	/usr/lib/system/libsystem_m.dylib
0x000000002c9d7000 	/usr/lib/system/libsystem_malloc.dylib
0x000000002c9d7000 	/usr/lib/system/libsystem_network.dylib
0x000000002c9d7000 	/usr/lib/system/libsystem_networkextension.dylib
0x000000002c9d7000 	/usr/lib/system/libsystem_notify.dylib
0x000000002c9d7000 	/usr/lib/system/libsystem_platform.dylib
0x000000002c9d7000 	/usr/lib/system/libsystem_pthread.dylib
0x000000002c9d7000 	/usr/lib/system/libsystem_sandbox.dylib
0x000000002c9d7000 	/usr/lib/system/libsystem_secinit.dylib
0x000000002c9d7000 	/usr/lib/system/libsystem_symptoms.dylib
0x000000002c9d7000 	/usr/lib/system/libsystem_trace.dylib
0x000000002c9d7000 	/usr/lib/system/libunwind.dylib
0x000000002c9d7000 	/usr/lib/system/libxpc.dylib
0x000000002c9d7000 	/usr/lib/libbsm.0.dylib
0x000000002c9d7000 	/usr/lib/system/libkxld.dylib
0x000000002c9d7000 	/usr/lib/libcoretls.dylib
0x000000002c9d7000 	/usr/lib/libcoretls_cfhelpers.dylib
0x000000002c9d7000 	/usr/lib/libxar.1.dylib
0x000000002c9d7000 	/usr/lib/libsqlite3.dylib
0x000000002c9d7000 	/usr/lib/libpam.2.dylib
0x000000002c9d7000 	/usr/lib/libOpenScriptingUtil.dylib
0x000000002c9d7000 	/usr/lib/libbz2.1.0.dylib
0x000000002c9d7000 	/usr/lib/liblzma.5.dylib
0x000000002c9d7000 	/usr/lib/libnetwork.dylib
0x000000002c9d7000 	/usr/lib/libpcap.A.dylib
0x000000002c9d7000 	/System/Library/Frameworks/CoreServices.framework/Versions/A/Frameworks/FSEvents.framework/Versions/A/FSEvents
0x000000002c9d7000 	/System/Library/Frameworks/CoreServices.framework/Versions/A/Frameworks/CarbonCore.framework/Versions/A/CarbonCore
0x000000002c9d7000 	/System/Library/Frameworks/CoreServices.framework/Versions/A/Frameworks/Metadata.framework/Versions/A/Metadata
0x000000002c9d7000 	/System/Library/Frameworks/CoreServices.framework/Versions/A/Frameworks/OSServices.framework/Versions/A/OSServices
0x000000002c9d7000 	/System/Library/Frameworks/CoreServices.framework/Versions/A/Frameworks/SearchKit.framework/Versions/A/SearchKit
0x000000002c9d7000 	/System/Library/Frameworks/CoreServices.framework/Versions/A/Frameworks/AE.framework/Versions/A/AE
0x000000002c9d7000 	/System/Library/Frameworks/CoreServices.framework/Versions/A/Frameworks/LaunchServices.framework/Versions/A/LaunchServices
0x000000002c9d7000 	/System/Library/Frameworks/CoreServices.framework/Versions/A/Frameworks/DictionaryServices.framework/Versions/A/DictionaryServices
0x000000002c9d7000 	/System/Library/Frameworks/CoreServices.framework/Versions/A/Frameworks/SharedFileList.framework/Versions/A/SharedFileList
0x000000002c9d7000 	/System/Library/Frameworks/NetFS.framework/Versions/A/NetFS
0x000000002c9d7000 	/System/Library/PrivateFrameworks/NetAuth.framework/Versions/A/NetAuth
0x000000002c9d7000 	/System/Library/PrivateFrameworks/login.framework/Versions/A/Frameworks/loginsupport.framework/Versions/A/loginsupport
0x000000002c9d7000 	/System/Library/PrivateFrameworks/TCC.framework/Versions/A/TCC
0x000000002c9d7000 	/usr/lib/libmecabra.dylib
0x000000002c9d7000 	/System/Library/Frameworks/ApplicationServices.framework/Versions/A/Frameworks/ATS.framework/Versions/A/ATS
0x000000002c9d7000 	/System/Library/Frameworks/ApplicationServices.framework/Versions/A/Frameworks/ColorSync.framework/Versions/A/ColorSync
0x000000002c9d7000 	/System/Library/Frameworks/ApplicationServices.framework/Versions/A/Frameworks/HIServices.framework/Versions/A/HIServices
0x000000002c9d7000 	/System/Library/Frameworks/ApplicationServices.framework/Versions/A/Frameworks/LangAnalysis.framework/Versions/A/LangAnalysis
0x000000002c9d7000 	/System/Library/Frameworks/ApplicationServices.framework/Versions/A/Frameworks/PrintCore.framework/Versions/A/PrintCore
0x000000002c9d7000 	/System/Library/Frameworks/ApplicationServices.framework/Versions/A/Frameworks/QD.framework/Versions/A/QD
0x000000002c9d7000 	/System/Library/Frameworks/ApplicationServices.framework/Versions/A/Frameworks/SpeechSynthesis.framework/Versions/A/SpeechSynthesis
0x000000002c9d7000 	/System/Library/Frameworks/Accelerate.framework/Versions/A/Frameworks/vImage.framework/Versions/A/vImage
0x000000002c9d7000 	/System/Library/Frameworks/Accelerate.framework/Versions/A/Frameworks/vecLib.framework/Versions/A/vecLib
0x000000002c9d7000 	/System/Library/Frameworks/Accelerate.framework/Versions/A/Frameworks/vecLib.framework/Versions/A/libvDSP.dylib
0x000000002c9d7000 	/System/Library/Frameworks/Accelerate.framework/Versions/A/Frameworks/vecLib.framework/Versions/A/libBNNS.dylib
0x000000002c9d7000 	/System/Library/Frameworks/Accelerate.framework/Versions/A/Frameworks/vecLib.framework/Versions/A/libQuadrature.dylib
0x000000002c9d7000 	/System/Library/Frameworks/Accelerate.framework/Versions/A/Frameworks/vecLib.framework/Versions/A/libvMisc.dylib
0x000000002c9d7000 	/System/Library/Frameworks/Accelerate.framework/Versions/A/Frameworks/vecLib.framework/Versions/A/libLAPACK.dylib
0x000000002c9d7000 	/System/Library/Frameworks/Accelerate.framework/Versions/A/Frameworks/vecLib.framework/Versions/A/libBLAS.dylib
0x000000002c9d7000 	/System/Library/Frameworks/Accelerate.framework/Versions/A/Frameworks/vecLib.framework/Versions/A/libLinearAlgebra.dylib
0x000000002c9d7000 	/System/Library/Frameworks/Accelerate.framework/Versions/A/Frameworks/vecLib.framework/Versions/A/libSparseBLAS.dylib
0x000000002c9d7000 	/System/Library/Frameworks/ApplicationServices.framework/Versions/A/Frameworks/ATS.framework/Versions/A/Resources/libFontParser.dylib
0x000000002c9d7000 	/System/Library/Frameworks/ApplicationServices.framework/Versions/A/Frameworks/ATS.framework/Versions/A/Resources/libFontRegistry.dylib
0x000000002c9d7000 	/System/Library/Frameworks/ImageIO.framework/Versions/A/Resources/libJPEG.dylib
0x000000002c9d7000 	/System/Library/Frameworks/ImageIO.framework/Versions/A/Resources/libTIFF.dylib
0x000000002c9d7000 	/System/Library/Frameworks/ImageIO.framework/Versions/A/Resources/libPng.dylib
0x000000002c9d7000 	/System/Library/Frameworks/ImageIO.framework/Versions/A/Resources/libGIF.dylib
0x000000002c9d7000 	/System/Library/Frameworks/ImageIO.framework/Versions/A/Resources/libJP2.dylib
0x000000002c9d7000 	/System/Library/Frameworks/ImageIO.framework/Versions/A/Resources/libRadiance.dylib
0x000000002c9d7000 	/usr/lib/libcompression.dylib
0x000000002c9d7000 	/System/Library/PrivateFrameworks/AppleJPEG.framework/Versions/A/AppleJPEG
0x000000002c9d7000 	/usr/lib/libcups.2.dylib
0x000000002c9d7000 	/System/Library/Frameworks/Kerberos.framework/Versions/A/Kerberos
0x000000002c9d7000 	/System/Library/Frameworks/GSS.framework/Versions/A/GSS
0x000000002c9d7000 	/usr/lib/libresolv.9.dylib
0x000000002c9d7000 	/usr/lib/libiconv.2.dylib
0x000000002c9d7000 	/System/Library/PrivateFrameworks/Heimdal.framework/Versions/A/Heimdal
0x000000002c9d7000 	/usr/lib/libheimdal-asn1.dylib
0x000000002c9d7000 	/System/Library/Frameworks/OpenDirectory.framework/Versions/A/OpenDirectory
0x000000002c9d7000 	/System/Library/PrivateFrameworks/CommonAuth.framework/Versions/A/CommonAuth
0x000000002c9d7000 	/System/Library/Frameworks/OpenDirectory.framework/Versions/A/Frameworks/CFOpenDirectory.framework/Versions/A/CFOpenDirectory
0x000000002c9d7000 	/System/Library/Frameworks/SecurityFoundation.framework/Versions/A/SecurityFoundation
0x000000002c9d7000 	/System/Library/PrivateFrameworks/LanguageModeling.framework/Versions/A/LanguageModeling
0x000000002c9d7000 	/usr/lib/libmarisa.dylib
0x000000002c9d7000 	/usr/lib/libChineseTokenizer.dylib
0x000000002c9d7000 	/usr/lib/libcmph.dylib
0x000000002c9d7000 	/System/Library/PrivateFrameworks/CoreEmoji.framework/Versions/A/CoreEmoji
0x000000002c9d7000 	/System/Library/Frameworks/ServiceManagement.framework/Versions/A/ServiceManagement
0x000000002c9d7000 	/usr/lib/libxslt.1.dylib
0x000000002c9d7000 	/System/Library/Frameworks/Carbon.framework/Versions/A/Frameworks/Ink.framework/Versions/A/Ink
0x000000002c9d7000 	/System/Library/PrivateFrameworks/TextureIO.framework/Versions/A/TextureIO
0x000000002c9d7000 	/System/Library/Frameworks/Metal.framework/Versions/A/Metal
0x000000002c9d7000 	/usr/lib/libate.dylib
0x000000002c9d7000 	/System/Library/PrivateFrameworks/GPUCompiler.framework/libmetal_timestamp.dylib
0x000000002c9d7000 	/System/Library/Frameworks/OpenGL.framework/Versions/A/Libraries/libCoreFSCache.dylib
0x000000002c9d7000 	/System/Library/PrivateFrameworks/IOAccelerator.framework/Versions/A/IOAccelerator
0x000000002c9d7000 	/System/Library/Frameworks/CoreVideo.framework/Versions/A/CoreVideo
0x000000002c9d7000 	/usr/lib/libFosl_dynamic.dylib
0x000000002c9d7000 	/System/Library/PrivateFrameworks/MetalPerformanceShaders.framework/Versions/A/MetalPerformanceShaders
0x000000002c9d7000 	/System/Library/PrivateFrameworks/FaceCore.framework/Versions/A/FaceCore
0x000000002c9d7000 	/System/Library/Frameworks/OpenCL.framework/Versions/A/OpenCL
0x000000002c9d7000 	/System/Library/Frameworks/OpenGL.framework/Versions/A/Libraries/libGLU.dylib
0x000000002c9d7000 	/System/Library/Frameworks/OpenGL.framework/Versions/A/Libraries/libGFXShared.dylib
0x000000002c9d7000 	/System/Library/Frameworks/OpenGL.framework/Versions/A/Libraries/libGL.dylib
0x000000002c9d7000 	/System/Library/Frameworks/OpenGL.framework/Versions/A/Libraries/libGLImage.dylib
0x000000002c9d7000 	/System/Library/Frameworks/OpenGL.framework/Versions/A/Libraries/libCVMSPluginSupport.dylib
0x000000002c9d7000 	/System/Library/Frameworks/OpenGL.framework/Versions/A/Libraries/libCoreVMClient.dylib
0x000000002c9d7000 	/System/Library/PrivateFrameworks/CrashReporterSupport.framework/Versions/A/CrashReporterSupport
0x000000002c9d7000 	/System/Library/PrivateFrameworks/Sharing.framework/Versions/A/Sharing
0x000000002c9d7000 	/System/Library/PrivateFrameworks/IconServices.framework/Versions/A/IconServices
0x000000002c9d7000 	/System/Library/PrivateFrameworks/ProtocolBuffer.framework/Versions/A/ProtocolBuffer
0x000000002c9d7000 	/System/Library/PrivateFrameworks/Apple80211.framework/Versions/A/Apple80211
0x000000002c9d7000 	/System/Library/Frameworks/CoreWLAN.framework/Versions/A/CoreWLAN
0x000000002c9d7000 	/System/Library/PrivateFrameworks/CoreUtils.framework/Versions/A/CoreUtils
0x000000002c9d7000 	/System/Library/Frameworks/IOBluetooth.framework/Versions/A/IOBluetooth
0x000000002c9d7000 	/System/Library/PrivateFrameworks/CoreWiFi.framework/Versions/A/CoreWiFi
0x000000002c9d7000 	/System/Library/Frameworks/CoreBluetooth.framework/Versions/A/CoreBluetooth
0x000000002c9d7000 	/System/Library/Frameworks/CoreDisplay.framework/Versions/A/CoreDisplay
0x000000002c9d7000 	/System/Library/PrivateFrameworks/IOPresentment.framework/Versions/A/IOPresentment
0x000000002c9d7000 	/System/Library/PrivateFrameworks/DebugSymbols.framework/Versions/A/DebugSymbols
0x000000002c9d7000 	/System/Library/PrivateFrameworks/CoreSymbolication.framework/Versions/A/CoreSymbolication
0x000000002c9d7000 	/System/Library/PrivateFrameworks/Symbolication.framework/Versions/A/Symbolication
0x000000002c9d7000 	/System/Library/PrivateFrameworks/AppleFSCompression.framework/Versions/A/AppleFSCompression
0x000000002c9d7000 	/System/Library/PrivateFrameworks/SpeechRecognitionCore.framework/Versions/A/SpeechRecognitionCore
0x000000002c9d7000 	/System/Library/PrivateFrameworks/ChunkingLibrary.framework/Versions/A/ChunkingLibrary
0x0000000107220000 	/System/Library/CoreServices/Encodings/libSimplifiedChineseConverter.dylib
0x0000000107c00000 	/Library/Java/JavaVirtualMachines/jdk1.8.0_40.jdk/Contents/Home/jre/lib/server/libjvm.dylib
0x000000002c9d7000 	/usr/lib/libstdc++.6.dylib
0x0000000107264000 	/Library/Java/JavaVirtualMachines/jdk1.8.0_40.jdk/Contents/Home/jre/lib/libverify.dylib
0x000000010730d000 	/Library/Java/JavaVirtualMachines/jdk1.8.0_40.jdk/Contents/Home/jre/lib/libjava.dylib
0x0000000107342000 	/Library/Java/JavaVirtualMachines/jdk1.8.0_40.jdk/Contents/Home/jre/lib/libzip.dylib
0x000000011e420000 	/System/Library/Frameworks/JavaVM.framework/Frameworks/JavaRuntimeSupport.framework/JavaRuntimeSupport
0x000000011e43a000 	/System/Library/Frameworks/JavaVM.framework/Versions/A/Frameworks/JavaNativeFoundation.framework/Versions/A/JavaNativeFoundation
0x000000011e44f000 	/System/Library/Frameworks/JavaVM.framework/Versions/A/JavaVM
0x000000002c9d7000 	/System/Library/Frameworks/Carbon.framework/Versions/A/Carbon
0x000000011e45c000 	/System/Library/PrivateFrameworks/JavaLaunching.framework/Versions/A/JavaLaunching
0x000000002c9d7000 	/System/Library/Frameworks/Carbon.framework/Versions/A/Frameworks/CommonPanels.framework/Versions/A/CommonPanels
0x000000002c9d7000 	/System/Library/Frameworks/Carbon.framework/Versions/A/Frameworks/Help.framework/Versions/A/Help
0x000000002c9d7000 	/System/Library/Frameworks/Carbon.framework/Versions/A/Frameworks/ImageCapture.framework/Versions/A/ImageCapture
0x000000002c9d7000 	/System/Library/Frameworks/Carbon.framework/Versions/A/Frameworks/OpenScripting.framework/Versions/A/OpenScripting
0x000000002c9d7000 	/System/Library/Frameworks/Carbon.framework/Versions/A/Frameworks/Print.framework/Versions/A/Print
0x000000002c9d7000 	/System/Library/Frameworks/Carbon.framework/Versions/A/Frameworks/SecurityHI.framework/Versions/A/SecurityHI
0x000000011fd63000 	/Library/Java/JavaVirtualMachines/jdk1.8.0_40.jdk/Contents/Home/jre/lib/libnet.dylib
0x000000011fe05000 	/Library/Java/JavaVirtualMachines/jdk1.8.0_40.jdk/Contents/Home/jre/lib/libawt.dylib
0x000000011fead000 	/Library/Java/JavaVirtualMachines/jdk1.8.0_40.jdk/Contents/Home/jre/lib/./libmlib_image.dylib
0x000000011ff79000 	/Library/Java/JavaVirtualMachines/jdk1.8.0_40.jdk/Contents/Home/jre/lib/libawt_lwawt.dylib
0x000000012002d000 	/Library/Java/JavaVirtualMachines/jdk1.8.0_40.jdk/Contents/Home/jre/lib/./libosxapp.dylib
0x000000002c9d7000 	/System/Library/Frameworks/ExceptionHandling.framework/Versions/A/ExceptionHandling
0x000000002c9d7000 	/System/Library/PrivateFrameworks/CoreServicesInternal.framework/Versions/A/CoreServicesInternal
0x000000002c9d7000 	/System/Library/CoreServices/RawCamera.bundle/Contents/MacOS/RawCamera
0x000000002c9d7000 	/System/Library/Frameworks/Accelerate.framework/Versions/A/Frameworks/vImage.framework/Versions/A/Libraries/libCGInterfaces.dylib
0x000000002c9d7000 	/System/Library/Frameworks/ApplicationServices.framework/Versions/A/Frameworks/ATS.framework/Versions/A/Resources/libTrueTypeScaler.dylib
0x000000002c9d7000 	/System/Library/Frameworks/OpenGL.framework/Versions/A/Resources/GLEngine.bundle/GLEngine
0x000000002c9d7000 	/System/Library/Frameworks/OpenGL.framework/Versions/A/Libraries/libGLProgrammability.dylib
0x0000000121e20000 	/System/Library/Extensions/AppleIntelBDWGraphicsGLDriver.bundle/Contents/MacOS/AppleIntelBDWGraphicsGLDriver
0x000000002c9d7000 	/System/Library/PrivateFrameworks/GPUSupport.framework/Versions/A/Libraries/libGPUSupportMercury.dylib
0x000000002c9d7000 	/System/Library/Frameworks/OpenGL.framework/Versions/A/Resources/GLRendererFloat.bundle/GLRendererFloat
0x000000002c9d7000 	/System/Library/Frameworks/OpenCL.framework/Versions/A/Libraries/libcldcpuengine.dylib
0x000000002c9d7000 	/usr/lib/libcrypto.0.9.8.dylib
0x000000002c9d7000 	/System/Library/PrivateFrameworks/TrustEvaluationAgent.framework/Versions/A/TrustEvaluationAgent
0x000000012259a000 	/System/Library/Extensions/AppleIntelBDWGraphicsMTLDriver.bundle/Contents/MacOS/AppleIntelBDWGraphicsMTLDriver
0x000000002c9d7000 	/System/Library/PrivateFrameworks/FamilyControls.framework/Versions/A/FamilyControls
0x000000002c9d7000 	/System/Library/PrivateFrameworks/CommerceKit.framework/Versions/A/Frameworks/CommerceCore.framework/Versions/A/CommerceCore
0x000000002c9d7000 	/System/Library/PrivateFrameworks/SystemAdministration.framework/Versions/A/SystemAdministration
0x000000002c9d7000 	/System/Library/PrivateFrameworks/AppContainer.framework/Versions/A/AppContainer
0x000000002c9d7000 	/System/Library/PrivateFrameworks/SecCodeWrapper.framework/Versions/A/SecCodeWrapper
0x000000002c9d7000 	/System/Library/Frameworks/DirectoryService.framework/Versions/A/DirectoryService
0x000000002c9d7000 	/System/Library/PrivateFrameworks/DiskImages.framework/Versions/A/DiskImages
0x000000002c9d7000 	/System/Library/PrivateFrameworks/LoginUIKit.framework/Versions/A/Frameworks/LoginUICore.framework/Versions/A/LoginUICore
0x000000002c9d7000 	/usr/lib/libCoreStorage.dylib
0x000000002c9d7000 	/usr/lib/libcsfde.dylib
0x000000002c9d7000 	/usr/lib/libodfde.dylib
0x000000002c9d7000 	/System/Library/Frameworks/DiscRecording.framework/Versions/A/DiscRecording
0x000000002c9d7000 	/usr/lib/libcurl.4.dylib
0x000000002c9d7000 	/System/Library/PrivateFrameworks/MediaKit.framework/Versions/A/MediaKit
0x000000002c9d7000 	/System/Library/PrivateFrameworks/ProtectedCloudStorage.framework/Versions/A/ProtectedCloudStorage
0x000000002c9d7000 	/System/Library/PrivateFrameworks/EFILogin.framework/Versions/A/EFILogin
0x000000002c9d7000 	/usr/lib/libutil.dylib
0x000000002c9d7000 	/System/Library/Frameworks/LDAP.framework/Versions/A/LDAP
0x000000002c9d7000 	/usr/lib/libsasl2.2.dylib
0x000000002c9d7000 	/System/Library/PrivateFrameworks/CoreDaemon.framework/Versions/B/CoreDaemon
0x000000002c9d7000 	/System/Library/PrivateFrameworks/AppleSRP.framework/Versions/A/AppleSRP
0x000000002c9d7000 	/System/Library/PrivateFrameworks/APFS.framework/Versions/A/APFS
0x0000000124201000 	/Library/Java/JavaVirtualMachines/jdk1.8.0_40.jdk/Contents/Home/jre/lib/libfontmanager.dylib
0x0000000124268000 	/Library/Java/JavaVirtualMachines/jdk1.8.0_40.jdk/Contents/Home/jre/lib/libosxui.dylib
0x000000002c9d7000 	/System/Library/PrivateFrameworks/ViewBridge.framework/Versions/A/ViewBridge
0x000000002c9d7000 	/System/Library/PrivateFrameworks/XPCService.framework/Versions/A/XPCService
0x000000002c9d7000 	/System/Library/PrivateFrameworks/AppSandbox.framework/Versions/A/AppSandbox
0x000000002c9d7000 	/usr/lib/libsandbox.1.dylib
0x000000002c9d7000 	/usr/lib/libMatch.1.dylib
0x000000012a8ad000 	/Library/Java/JavaVirtualMachines/jdk1.8.0_40.jdk/Contents/Home/jre/lib/libnio.dylib
0x000000012c5e0000 	/Library/Java/JavaVirtualMachines/jdk1.8.0_40.jdk/Contents/Home/jre/lib/libdcpr.dylib

VM Arguments:
jvm_args: -Dfile.encoding=UTF-8 
java_command: runner.ClientRunner
java_class_path (initial): /Users/ClaraLee/GitHub/Code/HRMSClient/target/classes:/Users/ClaraLee/Documents/Eclipse.app/Contents/Eclipse/plugins/org.junit_4.12.0.v201504281640/junit.jar:/Users/ClaraLee/Documents/Eclipse.app/Contents/Eclipse/plugins/org.hamcrest.core_1.3.0.v201303031735.jar:/Users/ClaraLee/.m2/repository/junit/junit/4.12/junit-4.12.jar:/Users/ClaraLee/.m2/repository/org/hamcrest/hamcrest-core/1.3/hamcrest-core-1.3.jar:/Users/ClaraLee/.m2/repository/com/yammer/metrics/metrics-core/3.0.0-BETA1/metrics-core-3.0.0-BETA1.jar:/Users/ClaraLee/.m2/repository/org/slf4j/slf4j-api/1.7.5/slf4j-api-1.7.5.jar:/Users/ClaraLee/.m2/repository/com/codahale/metrics/metrics-core/3.0.1/metrics-core-3.0.1.jar
Launcher Type: SUN_STANDARD

Environment Variables:
PATH=/usr/bin:/bin:/usr/sbin:/sbin
SHELL=/bin/bash

Signal Handlers:
SIGSEGV: [libjvm.dylib+0x58ef95], sa_mask[0]=11111111011111110111111111111111, sa_flags=SA_ONSTACK|SA_RESTART|SA_SIGINFO
SIGBUS: [libjvm.dylib+0x58ef95], sa_mask[0]=11111111011111110111111111111111, sa_flags=SA_RESTART|SA_SIGINFO
SIGFPE: [libjvm.dylib+0x46c118], sa_mask[0]=11111111011111110111111111111111, sa_flags=SA_RESTART|SA_SIGINFO
SIGPIPE: [libjvm.dylib+0x46c118], sa_mask[0]=11111111011111110111111111111111, sa_flags=SA_RESTART|SA_SIGINFO
SIGXFSZ: [libjvm.dylib+0x46c118], sa_mask[0]=11111111011111110111111111111111, sa_flags=SA_RESTART|SA_SIGINFO
SIGILL: [libjvm.dylib+0x46c118], sa_mask[0]=11111111011111110111111111111111, sa_flags=SA_RESTART|SA_SIGINFO
SIGUSR1: SIG_DFL, sa_mask[0]=00000000000000000000000000000000, sa_flags=none
SIGUSR2: [libjvm.dylib+0x46bc36], sa_mask[0]=00100000000000000000000000000000, sa_flags=SA_RESTART|SA_SIGINFO
SIGHUP: [libjvm.dylib+0x46a209], sa_mask[0]=11111111011111110111111111111111, sa_flags=SA_RESTART|SA_SIGINFO
SIGINT: [libjvm.dylib+0x46a209], sa_mask[0]=11111111011111110111111111111111, sa_flags=SA_RESTART|SA_SIGINFO
SIGTERM: [libjvm.dylib+0x46a209], sa_mask[0]=11111111011111110111111111111111, sa_flags=SA_RESTART|SA_SIGINFO
SIGQUIT: [libjvm.dylib+0x46a209], sa_mask[0]=11111111011111110111111111111111, sa_flags=SA_RESTART|SA_SIGINFO


---------------  S Y S T E M  ---------------

OS:Bsduname:Darwin 16.0.0 Darwin Kernel Version 16.0.0: Mon Aug 29 17:56:20 PDT 2016; root:xnu-3789.1.32~3/RELEASE_X86_64 x86_64
rlimit: STACK 8192k, CORE 0k, NPROC 709, NOFILE 10240, AS infinity
load average:2.66 2.91 2.83

CPU:total 4 (2 cores per cpu, 2 threads per core) family 6 model 61 stepping 4, cmov, cx8, fxsr, mmx, sse, sse2, sse3, ssse3, sse4.1, sse4.2, popcnt, avx, avx2, aes, clmul, erms, 3dnowpref, lzcnt, ht, tsc, tscinvbit, bmi1, bmi2, adx

Memory: 4k page, physical 8388608k(64184k free)

/proc/meminfo:


vm_info: Java HotSpot(TM) 64-Bit Server VM (25.40-b25) for bsd-amd64 JRE (1.8.0_40-b27), built on Mar 13 2015 04:46:52 by "java_re" with gcc 4.2.1 (Based on Apple Inc. build 5658) (LLVM build 2336.11.00)

time: Sun Jan  1 22:34:59 2017
elapsed time: 43 seconds (0d 0h 0m 43s)

