#
# A fatal error has been detected by the Java Runtime Environment:
#
#  SIGILL (0x4) at pc=0x00007fff95fcd28e, pid=44356, tid=2059
#
# JRE version: Java(TM) SE Runtime Environment (8.0_40-b27) (build 1.8.0_40-b27)
# Java VM: Java HotSpot(TM) 64-Bit Server VM (25.40-b25 mixed mode bsd-amd64 compressed oops)
# Problematic frame:
# C  [AppKit+0x3a528e]  -[NSApplication _crashOnException:]+0x6d
#
# Failed to write core dump. Core dumps have been disabled. To enable core dumping, try "ulimit -c unlimited" before starting Java again
#
# If you would like to submit a bug report, please visit:
#   http://bugreport.java.com/bugreport/crash.jsp
# The crash happened outside the Java Virtual Machine in native code.
# See problematic frame for where to report the bug.
#

---------------  T H R E A D  ---------------

Current thread (0x00007fe10b0a7800):  JavaThread "AppKit Thread" daemon [_thread_in_native, id=2059, stack(0x00007fff5a9a3000,0x00007fff5b1a3000)]

siginfo: si_signo: 4 (SIGILL), si_code: 1 (ILL_ILLOPC), si_addr: 0x00007fff95fcd28e

Registers:
RAX=0x00007fe109961000, RBX=0x00007fe1096ed900, RCX=0x0000000000000001, RDX=0x0000000000000000
RSP=0x00007fff5b19c070, RBP=0x00007fff5b19c080, RSI=0x000000000000250d, RDI=0x00007fe10bfb3b20
R8 =0x0000000008000100, R9 =0x0000000000000000, R10=0x00007fffb2821fb8, R11=0xffffffffffe967ff
R12=0x0000000000000050, R13=0x00007fff967a5ff5, R14=0x00007fffac72bb40, R15=0x00007fffb2822f80
RIP=0x00007fff95fcd28e, EFLAGS=0x0000000000010202, ERR=0x0000000000000000
  TRAPNO=0x0000000000000006

Top of Stack: (sp=0x00007fff5b19c070)
0x00007fff5b19c070:   00007fe1096f8920 00007fff967a59f2
0x00007fff5b19c080:   00007fff5b19c1b0 00007fff9609d5ad
0x00007fff5b19c090:   00007fe10944ca70 00007fff967a5df1
0x00007fff5b19c0a0:   00007fe109621b80 00007fe1096a4550
0x00007fff5b19c0b0:   00007fe1096ed900 00007fe1096e6930
0x00007fff5b19c0c0:   ffffffffffffffff 00007fff5b19c100
0x00007fff5b19c0d0:   00007fff5b19c0d8 0000000000000050
0x00007fff5b19c0e0:   0000000000000000 0000000000000000
0x00007fff5b19c0f0:   0000000000000000 0000000000000000
0x00007fff5b19c100:   00007fe1096e17f0 00007fe1096ed2a0
0x00007fff5b19c110:   00007fe1096ed320 00007fe10eb152a0
0x00007fff5b19c120:   00007fe1096ed3a0 00007fe10eb0c780
0x00007fff5b19c130:   00007fe1096fa280 00007fe10eb4d020
0x00007fff5b19c140:   00007fe10eb4ac20 00007fe10eb482b0
0x00007fff5b19c150:   00007fe10eb4d0b0 00007fe10eb4d120
0x00007fff5b19c160:   00007fe1096e7e50 00007fe1096e4480
0x00007fff5b19c170:   00007fe10eb13610 00007fe10965a9f0
0x00007fff5b19c180:   1fdb286a2a9600b2 00007fff5b19c1b0
0x00007fff5b19c190:   00007fe10ea4be60 00007fff5b19c1c0
0x00007fff5b19c1a0:   00007fe1096ed900 00007fe109621b80
0x00007fff5b19c1b0:   00007fff5b19c200 00007fff95fcd1fc
0x00007fff5b19c1c0:   00007fffad0303e0 00007fff5b19c1c0
0x00007fff5b19c1d0:   1fdb286a2a9600b2 00007fff5b19c210
0x00007fff5b19c1e0:   00007fff5b19c210 0000000000000000
0x00007fff5b19c1f0:   00007fff5b19c200 00007fe1096ed900
0x00007fff5b19c200:   00007fff5b19c230 00007fff96095dd3
0x00007fff5b19c210:   00007fff5b19c5c0 0000000000000000
0x00007fff5b19c220:   0000000000000001 00007fe1094b40d0
0x00007fff5b19c230:   00007fff5b19c540 00007fff97550e9d
0x00007fff5b19c240:   00007fe1094b40d0 00007fff97550aea
0x00007fff5b19c250:   00007fff5b19c280 00007fe10eb4cd38
0x00007fff5b19c260:   0000000000000000 0000000000000003 

Instructions: (pc=0x00007fff95fcd28e)
0x00007fff95fcd26e:   48 89 c7 ff 15 f9 bd fe 1b 48 8b 35 b2 7b 27 1c
0x00007fff95fcd27e:   48 89 c7 ff 15 e9 bd fe 1b 48 89 05 9a d1 2d 1c
0x00007fff95fcd28e:   0f 0b 48 89 c7 e8 7c 5c 72 00 31 ff 31 f6 31 c0
0x00007fff95fcd29e:   e8 e3 c3 e2 ff e8 90 5c 72 00 48 89 c3 e8 7c 5c 

Register to memory mapping:

RAX=0x00007fe109961000 is an unknown value
RBX=0x00007fe1096ed900 is an unknown value
RCX=0x0000000000000001 is an unknown value
RDX=0x0000000000000000 is an unknown value
RSP=0x00007fff5b19c070 is pointing into the stack for thread: 0x00007fe10b0a7800
RBP=0x00007fff5b19c080 is pointing into the stack for thread: 0x00007fe10b0a7800
RSI=0x000000000000250d is an unknown value
RDI=0x00007fe10bfb3b20 is an unknown value
R8 =0x0000000008000100 is an unknown value
R9 =0x0000000000000000 is an unknown value
R10=0x00007fffb2821fb8: OBJC_CLASS_$___NSCFString+0 in /System/Library/Frameworks/CoreFoundation.framework/Versions/A/CoreFoundation at 0x00007fff97f50000
R11=0xffffffffffe967ff is an unknown value
R12=0x0000000000000050 is an unknown value
R13=0x00007fff967a5ff5: __NSStyleNameIndexTable+0x6d308 in /System/Library/Frameworks/AppKit.framework/Versions/C/AppKit at 0x00007fff95c28000
R14=0x00007fffac72bb40: objc_msgSend+0 in /usr/lib/libobjc.A.dylib at 0x00007fffac725000
R15=0x00007fffb2822f80: OBJC_CLASS_$_NSDictionary+0 in /System/Library/Frameworks/CoreFoundation.framework/Versions/A/CoreFoundation at 0x00007fff97f50000


Stack: [0x00007fff5a9a3000,0x00007fff5b1a3000],  sp=0x00007fff5b19c070,  free space=8164k
Native frames: (J=compiled Java code, j=interpreted, Vv=VM code, C=native code)
C  [AppKit+0x3a528e]  -[NSApplication _crashOnException:]+0x6d
C  [AppKit+0x4755ad]  -[NSApplication _showException:]+0x2e8
C  [AppKit+0x3a51fc]  -[NSApplication reportException:]+0x167
C  [AppKit+0x46ddd3]  uncaughtErrorProc+0x9e
C  [HIToolbox+0x8e9d]  _ZL23DispatchEventToHandlersP14EventTargetRecP14OpaqueEventRefP14HandlerCallRec+0x474
C  [HIToolbox+0x8346]  _ZL30SendEventToEventTargetInternalP14OpaqueEventRefP20OpaqueEventTargetRefP14HandlerCallRec+0x1ac
C  [HIToolbox+0x818f]  SendEventToEventTargetWithOptions+0x2b
C  [HIToolbox+0x5ef86]  SendTSMEvent_WithCompletionHandler+0x198
C  [HIToolbox+0x212378]  __SendTextInputEvent_WithCompletionHandler_block_invoke+0x248
C  [HIToolbox+0x210689]  SendTextInputEvent_WithCompletionHandler+0x482
C  [HIToolbox+0x281829]  -[IMKInputSession _postEvent:completionHandler:]+0xb0
C  [HIToolbox+0x291485]  -[IMKInputSession _copyUniCharsForRange:intoBuffer:ofLength:completionHandler:]+0x212
C  [HIToolbox+0x291c0e]  -[IMKInputSession _coreAttributesFromRange:whichAttributes:completionHandler:]+0x119
C  [HIToolbox+0x293bb0]  -[IMKInputSession attributedSubstringFromRange:completionHandler:]+0xba
C  [HIToolbox+0x2843ab]  __61-[IMKInputSession imkxpc_attributedSubstringFromRange:reply:]_block_invoke+0x212
C  [CoreFoundation+0xa73ac]  __CFRUNLOOP_IS_CALLING_OUT_TO_A_BLOCK__+0xc
C  [CoreFoundation+0x88424]  __CFRunLoopDoBlocks+0x164
C  [CoreFoundation+0x87f66]  __CFRunLoopRun+0x756
C  [CoreFoundation+0x875b4]  CFRunLoopRunSpecific+0x1a4
C  [HIToolbox+0x26b63e]  -[IMKInputSessionXPCInvocation invocationAwaitXPCReply]+0x25e
C  [HIToolbox+0x272b6a]  __49-[IMKInputSession handleEvent:completionHandler:]_block_invoke_2.479+0x6b8
C  [HIToolbox+0x271f88]  __49-[IMKInputSession handleEvent:completionHandler:]_block_invoke_2.438+0x236
C  [HIToolbox+0x256314]  -[IMKClient switchedInputMode:completionHandler:]+0x195
C  [HIToolbox+0x270e32]  -[IMKInputSession tryHandleEventSwitchedInputMode:eventWasHandled:continuationHandler:]+0x7a
C  [HIToolbox+0x271d2c]  __49-[IMKInputSession handleEvent:completionHandler:]_block_invoke.437+0xaa
C  [HIToolbox+0x271b6b]  __49-[IMKInputSession handleEvent:completionHandler:]_block_invoke+0x105
C  [HIToolbox+0x27dd3f]  -[IMKInputSession _eventIsOn:completionHandler:]+0x72e
C  [HIToolbox+0x2713e1]  -[IMKInputSession handleEvent:completionHandler:]+0x37a
C  [HIToolbox+0x221f10]  IMKInputSessionProcessEventRefWithCompletionHandler+0x78
C  [HIToolbox+0x2212c2]  InputMethodInstanceProcessEventRef_WithCompletionHandler+0x81
C  [HIToolbox+0x20fa1a]  __TSMEventToInputMethod_WithCompletionHandler_block_invoke+0x7c
C  [HIToolbox+0x2138a0]  __SendTSMDocumentLockEvent_WithCompletionHandler_block_invoke+0x5f
C  [HIToolbox+0x61f92]  ___ZL23DispatchEventToHandlersP14EventTargetRecP14OpaqueEventRefP14HandlerCallRec_block_invoke+0x6c
C  [AppKit+0x1dda4d]  -[NSTextInputContext handleTSMEvent:completionHandler:]+0xce2
C  [AppKit+0x1dccfd]  _NSTSMEventHandler+0x13f
C  [HIToolbox+0x90d5]  _ZL23DispatchEventToHandlersP14EventTargetRecP14OpaqueEventRefP14HandlerCallRec+0x6ac
C  [HIToolbox+0x8346]  _ZL30SendEventToEventTargetInternalP14OpaqueEventRefP20OpaqueEventTargetRefP14HandlerCallRec+0x1ac
C  [HIToolbox+0x818f]  SendEventToEventTargetWithOptions+0x2b
C  [HIToolbox+0x5ef86]  SendTSMEvent_WithCompletionHandler+0x198
C  [HIToolbox+0x20f951]  TrySendLockEvent_BeforeEventToInputMethod_WithContinuationHandler+0x15f
C  [HIToolbox+0x20f78e]  TSMEventToInputMethod_WithCompletionHandler+0x94
C  [HIToolbox+0x20f6da]  TSMEventToKeyboardInputMethod_WithCompletionHandler+0x7f
C  [HIToolbox+0x5e474]  TSMKeyEvent_WithCompletionHandler+0x248
C  [HIToolbox+0x5e1f3]  __TSMProcessRawKeyEventWithOptionsAndCompletionHandler_block_invoke_4+0xfb
C  [HIToolbox+0x5e020]  __TSMProcessRawKeyEventWithOptionsAndCompletionHandler_block_invoke_3+0x119
C  [HIToolbox+0x5dd36]  __TSMProcessRawKeyEventWithOptionsAndCompletionHandler_block_invoke_2+0x134
C  [HIToolbox+0x5da6d]  __TSMProcessRawKeyEventWithOptionsAndCompletionHandler_block_invoke+0x12c
C  [HIToolbox+0x5cfdd]  TSMProcessRawKeyEventWithOptionsAndCompletionHandler+0xe14
C  [AppKit+0x97df16]  __61-[NSTextInputContext _handleEvent:options:completionHandler:]_block_invoke.885+0x74
C  [AppKit+0x97d9c5]  __204-[NSTextInputContext tryTSMProcessRawKeyEvent_orSubstitution:dispatchCondition:setupForDispatch:furtherCondition:doubleSpaceSubstitutionCondition:doubleSpaceSubstitutionWork:dispatchTSMWork:continuation:]_block_invoke.817+0x79
C  [AppKit+0x97d82f]  -[NSTextInputContext tryTSMProcessRawKeyEvent_orSubstitution:dispatchCondition:setupForDispatch:furtherCondition:doubleSpaceSubstitutionCondition:doubleSpaceSubstitutionWork:dispatchTSMWork:continuation:]+0x11d
C  [AppKit+0x1db5fb]  -[NSTextInputContext _handleEvent:options:completionHandler:]+0x512
C  [AppKit+0x1db0ae]  -[NSTextInputContext handleEvent:]+0x6d
C  [AppKit+0x1dafb2]  -[NSView interpretKeyEvents:]+0xe8
C  [libawt_lwawt.dylib+0x4b13]  -[AWTView keyDown:]+0x55
C  [AppKit+0x8b67ec]  -[NSWindow(NSEventRouting) _reallySendEvent:isDelayedEvent:]+0xff6
C  [AppKit+0x8b542a]  -[NSWindow(NSEventRouting) sendEvent:]+0x21d
C  [libawt_lwawt.dylib+0x89be]  -[AWTWindow_Normal sendEvent:]+0x56
C  [AppKit+0x756a1c]  -[NSApplication(NSEvent) sendEvent:]+0x12a0
C  [libosxapp.dylib+0x23ac]  -[NSApplicationAWT sendEvent:]+0x109
C  [AppKit+0x3c009]  -[NSApplication run]+0x3ea
C  [libosxapp.dylib+0x223e]  +[NSApplicationAWT runAWTLoopWithApp:]+0x9c
C  [libawt_lwawt.dylib+0x4463b]  -[AWTStarter starter:]+0x389
C  [Foundation+0x71f2a]  __NSThreadPerformPerform+0x146
C  [CoreFoundation+0xa7551]  __CFRUNLOOP_IS_CALLING_OUT_TO_A_SOURCE0_PERFORM_FUNCTION__+0x11
C  [CoreFoundation+0x886bd]  __CFRunLoopDoSources0+0x22d
C  [CoreFoundation+0x87bb6]  __CFRunLoopRun+0x3a6
C  [CoreFoundation+0x875b4]  CFRunLoopRunSpecific+0x1a4
C  [java+0x6490]  CreateExecutionEnvironment+0x367
C  [java+0x221c]  JLI_Launch+0x7a0
C  [java+0x84ed]  main+0x65
C  [java+0x1a74]  start+0x34
C  0x0000000000000005


---------------  P R O C E S S  ---------------

Java Threads: ( => current thread )
  0x00007fe10b296800 JavaThread "TimerQueue" daemon [_thread_blocked, id=69687, stack(0x000070000cd8c000,0x000070000ce8c000)]
  0x00007fe10a95f800 JavaThread "DestroyJavaVM" [_thread_blocked, id=7171, stack(0x000070000b53e000,0x000070000b63e000)]
  0x00007fe109ae2800 JavaThread "AWT-EventQueue-0" [_thread_in_native, id=64279, stack(0x000070000cc06000,0x000070000cd06000)]
  0x00007fe109a8d800 JavaThread "Java2D Disposer" daemon [_thread_blocked, id=55827, stack(0x000070000ca00000,0x000070000cb00000)]
  0x00007fe1099dd800 JavaThread "Java2D Queue Flusher" daemon [_thread_blocked, id=48443, stack(0x000070000c8fd000,0x000070000c9fd000)]
  0x00007fe109924800 JavaThread "AWT-Shutdown" [_thread_blocked, id=31263, stack(0x000070000c6f4000,0x000070000c7f4000)]
=>0x00007fe10b0a7800 JavaThread "AppKit Thread" daemon [_thread_in_native, id=2059, stack(0x00007fff5a9a3000,0x00007fff5b1a3000)]
  0x00007fe10991f800 JavaThread "GC Daemon" daemon [_thread_blocked, id=20739, stack(0x000070000c56e000,0x000070000c66e000)]
  0x00007fe10991f000 JavaThread "RMI RenewClean-[127.0.0.1:54285]" daemon [_thread_blocked, id=20227, stack(0x000070000c46b000,0x000070000c56b000)]
  0x00007fe10988e000 JavaThread "RMI Scheduler(0)" daemon [_thread_blocked, id=19715, stack(0x000070000c368000,0x000070000c468000)]
  0x00007fe10a032800 JavaThread "Service Thread" daemon [_thread_blocked, id=18691, stack(0x000070000c162000,0x000070000c262000)]
  0x00007fe10a029800 JavaThread "C1 CompilerThread2" daemon [_thread_blocked, id=18179, stack(0x000070000c05f000,0x000070000c15f000)]
  0x00007fe10a021000 JavaThread "C2 CompilerThread1" daemon [_thread_blocked, id=17667, stack(0x000070000bf5c000,0x000070000c05c000)]
  0x00007fe10a020000 JavaThread "C2 CompilerThread0" daemon [_thread_blocked, id=17155, stack(0x000070000be59000,0x000070000bf59000)]
  0x00007fe10a01f800 JavaThread "Signal Dispatcher" daemon [_thread_blocked, id=16643, stack(0x000070000bd56000,0x000070000be56000)]
  0x00007fe10a011800 JavaThread "Finalizer" daemon [_thread_blocked, id=12547, stack(0x000070000bc53000,0x000070000bd53000)]
  0x00007fe10a010800 JavaThread "Reference Handler" daemon [_thread_blocked, id=12035, stack(0x000070000bb50000,0x000070000bc50000)]

Other Threads:
  0x00007fe10a010000 VMThread [stack: 0x000070000ba4d000,0x000070000bb4d000] [id=11523]
  0x00007fe10a80c000 WatcherThread [stack: 0x000070000c265000,0x000070000c365000] [id=19203]

VM state:not at safepoint (normal execution)

VM Mutex/Monitor currently owned by a thread: None

Heap:
 PSYoungGen      total 38400K, used 15448K [0x0000000795580000, 0x0000000798000000, 0x00000007c0000000)
  eden space 33280K, 46% used [0x0000000795580000,0x00000007964961c0,0x0000000797600000)
  from space 5120K, 0% used [0x0000000797600000,0x0000000797600000,0x0000000797b00000)
  to   space 5120K, 0% used [0x0000000797b00000,0x0000000797b00000,0x0000000798000000)
 ParOldGen       total 87552K, used 796K [0x0000000740000000, 0x0000000745580000, 0x0000000795580000)
  object space 87552K, 0% used [0x0000000740000000,0x00000007400c7210,0x0000000745580000)
 Metaspace       used 13467K, capacity 13666K, committed 13824K, reserved 1060864K
  class space    used 1705K, capacity 1786K, committed 1792K, reserved 1048576K

Card table byte_map: [0x00000001057c0000,0x0000000105bc1000] byte_map_base: 0x0000000101dc0000

Marking Bits: (ParMarkBitMap*) 0x00000001065167a0
 Begin Bits: [0x0000000115e68000, 0x0000000117e68000)
 End Bits:   [0x0000000117e68000, 0x0000000119e68000)

Polling page: 0x0000000104b31000

CodeCache: size=245760Kb used=3440Kb max_used=3440Kb free=242319Kb
 bounds [0x0000000106bbd000, 0x0000000106f1d000, 0x0000000115bbd000]
 total_blobs=1601 nmethods=1064 adapters=451
 compilation: enabled

Compilation events (10 events):
Event: 11.592 Thread 0x00007fe10a029800 1062       3       java.awt.geom.AffineTransform::<init> (50 bytes)
Event: 11.592 Thread 0x00007fe10a029800 nmethod 1062 0x0000000106f182d0 code [0x0000000106f18440, 0x0000000106f18610]
Event: 11.592 Thread 0x00007fe10a029800 1061   !   3       java.awt.Font::equals (132 bytes)
Event: 11.592 Thread 0x00007fe10a029800 nmethod 1061 0x0000000106f18710 code [0x0000000106f188e0, 0x0000000106f190e8]
Event: 11.592 Thread 0x00007fe10a029800 1060       1       javax.swing.JComponent::isOptimizedDrawingEnabled (2 bytes)
Event: 11.592 Thread 0x00007fe10a029800 nmethod 1060 0x0000000106f19390 code [0x0000000106f194e0, 0x0000000106f195f0]
Event: 12.675 Thread 0x00007fe10a029800 1064       3       java.lang.Boolean::equals (29 bytes)
Event: 12.675 Thread 0x00007fe10a029800 nmethod 1064 0x0000000106f19650 code [0x0000000106f197c0, 0x0000000106f19c30]
Event: 12.675 Thread 0x00007fe10a029800 1063       3       java.util.ArrayList::toArray (60 bytes)
Event: 12.675 Thread 0x00007fe10a029800 nmethod 1063 0x0000000106f19d10 code [0x0000000106f19ea0, 0x0000000106f1a438]

GC Heap History (4 events):
Event: 0.185 GC heap before
{Heap before GC invocations=1 (full 0):
 PSYoungGen      total 38400K, used 3993K [0x0000000795580000, 0x0000000798000000, 0x00000007c0000000)
  eden space 33280K, 12% used [0x0000000795580000,0x0000000795966798,0x0000000797600000)
  from space 5120K, 0% used [0x0000000797b00000,0x0000000797b00000,0x0000000798000000)
  to   space 5120K, 0% used [0x0000000797600000,0x0000000797600000,0x0000000797b00000)
 ParOldGen       total 87552K, used 0K [0x0000000740000000, 0x0000000745580000, 0x0000000795580000)
  object space 87552K, 0% used [0x0000000740000000,0x0000000740000000,0x0000000745580000)
 Metaspace       used 4828K, capacity 4938K, committed 4992K, reserved 1056768K
  class space    used 563K, capacity 593K, committed 640K, reserved 1048576K
Event: 0.187 GC heap after
Heap after GC invocations=1 (full 0):
 PSYoungGen      total 38400K, used 928K [0x0000000795580000, 0x0000000798000000, 0x00000007c0000000)
  eden space 33280K, 0% used [0x0000000795580000,0x0000000795580000,0x0000000797600000)
  from space 5120K, 18% used [0x0000000797600000,0x00000007976e8020,0x0000000797b00000)
  to   space 5120K, 0% used [0x0000000797b00000,0x0000000797b00000,0x0000000798000000)
 ParOldGen       total 87552K, used 8K [0x0000000740000000, 0x0000000745580000, 0x0000000795580000)
  object space 87552K, 0% used [0x0000000740000000,0x0000000740002000,0x0000000745580000)
 Metaspace       used 4828K, capacity 4938K, committed 4992K, reserved 1056768K
  class space    used 563K, capacity 593K, committed 640K, reserved 1048576K
}
Event: 0.187 GC heap before
{Heap before GC invocations=2 (full 1):
 PSYoungGen      total 38400K, used 928K [0x0000000795580000, 0x0000000798000000, 0x00000007c0000000)
  eden space 33280K, 0% used [0x0000000795580000,0x0000000795580000,0x0000000797600000)
  from space 5120K, 18% used [0x0000000797600000,0x00000007976e8020,0x0000000797b00000)
  to   space 5120K, 0% used [0x0000000797b00000,0x0000000797b00000,0x0000000798000000)
 ParOldGen       total 87552K, used 8K [0x0000000740000000, 0x0000000745580000, 0x0000000795580000)
  object space 87552K, 0% used [0x0000000740000000,0x0000000740002000,0x0000000745580000)
 Metaspace       used 4828K, capacity 4938K, committed 4992K, reserved 1056768K
  class space    used 563K, capacity 593K, committed 640K, reserved 1048576K
Event: 0.193 GC heap after
Heap after GC invocations=2 (full 1):
 PSYoungGen      total 38400K, used 0K [0x0000000795580000, 0x0000000798000000, 0x00000007c0000000)
  eden space 33280K, 0% used [0x0000000795580000,0x0000000795580000,0x0000000797600000)
  from space 5120K, 0% used [0x0000000797600000,0x0000000797600000,0x0000000797b00000)
  to   space 5120K, 0% used [0x0000000797b00000,0x0000000797b00000,0x0000000798000000)
 ParOldGen       total 87552K, used 796K [0x0000000740000000, 0x0000000745580000, 0x0000000795580000)
  object space 87552K, 0% used [0x0000000740000000,0x00000007400c7210,0x0000000745580000)
 Metaspace       used 4828K, capacity 4938K, committed 4992K, reserved 1056768K
  class space    used 563K, capacity 593K, committed 640K, reserved 1048576K
}

Deoptimization events (9 events):
Event: 0.581 Thread 0x00007fe10980a000 Uncommon trap: reason=unstable_if action=reinterpret pc=0x0000000106da5af8 method=java.lang.AbstractStringBuilder.append(Ljava/lang/String;)Ljava/lang/AbstractStringBuilder; @ 1
Event: 0.582 Thread 0x00007fe10980a000 Uncommon trap: reason=unstable_if action=reinterpret pc=0x0000000106da88ec method=java.lang.AbstractStringBuilder.append(Ljava/lang/String;)Ljava/lang/AbstractStringBuilder; @ 1
Event: 0.585 Thread 0x00007fe10980a000 Uncommon trap: reason=unstable_if action=reinterpret pc=0x0000000106d290a4 method=java.util.HashMap.hash(Ljava/lang/Object;)I @ 1
Event: 0.676 Thread 0x00007fe10b1fb000 Uncommon trap: reason=unstable_if action=reinterpret pc=0x0000000106dfe8d4 method=sun.awt.image.PNGImageDecoder.produceImage()V @ 867
Event: 1.897 Thread 0x00007fe109ae2800 Uncommon trap: reason=unstable_if action=reinterpret pc=0x0000000106e42cdc method=java.lang.CharacterData.of(I)Ljava/lang/CharacterData; @ 4
Event: 3.446 Thread 0x00007fe109ae2800 Uncommon trap: reason=class_check action=maybe_recompile pc=0x0000000106d3b098 method=java.lang.String.equals(Ljava/lang/Object;)Z @ 8
Event: 3.446 Thread 0x00007fe109ae2800 Uncommon trap: reason=class_check action=maybe_recompile pc=0x0000000106d3b098 method=java.lang.String.equals(Ljava/lang/Object;)Z @ 8
Event: 3.732 Thread 0x00007fe109ae2800 Uncommon trap: reason=class_check action=maybe_recompile pc=0x0000000106d3b098 method=java.lang.String.equals(Ljava/lang/Object;)Z @ 8
Event: 3.732 Thread 0x00007fe109ae2800 Uncommon trap: reason=class_check action=maybe_recompile pc=0x0000000106d3b098 method=java.lang.String.equals(Ljava/lang/Object;)Z @ 8

Internal exceptions (10 events):
Event: 0.420 Thread 0x00007fe10980a000 Exception <a 'java/io/FileNotFoundException'> (0x0000000795810be8) thrown at [/Users/java_re/workspace/8-2-build-macosx-x86_64/jdk8u40/3153/hotspot/src/share/vm/prims/jni.cpp, line 709]
Event: 0.420 Thread 0x00007fe10980a000 Exception <a 'java/io/FileNotFoundException'> (0x00000007958116f0) thrown at [/Users/java_re/workspace/8-2-build-macosx-x86_64/jdk8u40/3153/hotspot/src/share/vm/prims/jni.cpp, line 709]
Event: 0.433 Thread 0x00007fe10980a000 Exception <a 'java/io/FileNotFoundException'> (0x0000000795862e00) thrown at [/Users/java_re/workspace/8-2-build-macosx-x86_64/jdk8u40/3153/hotspot/src/share/vm/prims/jni.cpp, line 709]
Event: 0.474 Thread 0x00007fe10980a000 Exception <a 'java/lang/NoSuchFieldError': method resolution failed> (0x0000000795933450) thrown at [/Users/java_re/workspace/8-2-build-macosx-x86_64/jdk8u40/3153/hotspot/src/share/vm/prims/methodHandles.cpp, line 1125]
Event: 0.478 Thread 0x00007fe10980a000 Exception <a 'java/lang/NoSuchFieldError': method resolution failed> (0x0000000795941e60) thrown at [/Users/java_re/workspace/8-2-build-macosx-x86_64/jdk8u40/3153/hotspot/src/share/vm/prims/methodHandles.cpp, line 1125]
Event: 0.581 Thread 0x00007fe10980a000 Implicit null exception at 0x0000000106da5775 to 0x0000000106da5ae5
Event: 0.582 Thread 0x00007fe10980a000 Implicit null exception at 0x0000000106da8575 to 0x0000000106da88d9
Event: 0.585 Thread 0x00007fe10980a000 Implicit null exception at 0x0000000106d28e75 to 0x0000000106d29095
Event: 7.474 Thread 0x00007fe10b0a7800 Exception <a 'java/lang/NullPointerException'> (0x000000079642b828) thrown at [/Users/java_re/workspace/8-2-build-macosx-x86_64/jdk8u40/3153/hotspot/src/share/vm/prims/jni.cpp, line 1318]
Event: 11.572 Thread 0x00007fe10b0a7800 Exception <a 'java/lang/NullPointerException'> (0x000000079643e8a0) thrown at [/Users/java_re/workspace/8-2-build-macosx-x86_64/jdk8u40/3153/hotspot/src/share/vm/prims/jni.cpp, line 1318]

Events (10 events):
Event: 7.509 loading class javax/swing/JMenuItem done
Event: 7.509 loading class javax/swing/JMenu done
Event: 8.930 loading class java/awt/LightweightDispatcher$2
Event: 8.930 loading class java/awt/LightweightDispatcher$2 done
Event: 10.406 loading class java/awt/SequencedEvent
Event: 10.406 loading class java/awt/SequencedEvent done
Event: 10.406 loading class java/awt/SequencedEvent$1
Event: 10.407 loading class sun/awt/AWTAccessor$SequencedEventAccessor
Event: 10.407 loading class sun/awt/AWTAccessor$SequencedEventAccessor done
Event: 10.407 loading class java/awt/SequencedEvent$1 done


Dynamic libraries:
0x0000000022ddb000 	/System/Library/Frameworks/Cocoa.framework/Versions/A/Cocoa
0x0000000022ddb000 	/System/Library/Frameworks/Security.framework/Versions/A/Security
0x0000000022ddb000 	/System/Library/Frameworks/ApplicationServices.framework/Versions/A/ApplicationServices
0x0000000022ddb000 	/usr/lib/libz.1.dylib
0x0000000022ddb000 	/usr/lib/libSystem.B.dylib
0x0000000022ddb000 	/usr/lib/libobjc.A.dylib
0x0000000022ddb000 	/System/Library/Frameworks/CoreFoundation.framework/Versions/A/CoreFoundation
0x0000000022ddb000 	/System/Library/Frameworks/Foundation.framework/Versions/C/Foundation
0x0000000022ddb000 	/System/Library/Frameworks/AppKit.framework/Versions/C/AppKit
0x0000000022ddb000 	/System/Library/Frameworks/CoreData.framework/Versions/A/CoreData
0x0000000022ddb000 	/System/Library/PrivateFrameworks/RemoteViewServices.framework/Versions/A/RemoteViewServices
0x0000000022ddb000 	/System/Library/PrivateFrameworks/UIFoundation.framework/Versions/A/UIFoundation
0x0000000022ddb000 	/usr/lib/libenergytrace.dylib
0x0000000022ddb000 	/System/Library/PrivateFrameworks/SkyLight.framework/Versions/A/SkyLight
0x0000000022ddb000 	/System/Library/Frameworks/CoreGraphics.framework/Versions/A/CoreGraphics
0x0000000022ddb000 	/usr/lib/libScreenReader.dylib
0x0000000022ddb000 	/System/Library/Frameworks/Accelerate.framework/Versions/A/Accelerate
0x0000000022ddb000 	/System/Library/Frameworks/IOSurface.framework/Versions/A/IOSurface
0x0000000022ddb000 	/System/Library/Frameworks/AudioToolbox.framework/Versions/A/AudioToolbox
0x0000000022ddb000 	/System/Library/Frameworks/AudioUnit.framework/Versions/A/AudioUnit
0x0000000022ddb000 	/System/Library/PrivateFrameworks/DataDetectorsCore.framework/Versions/A/DataDetectorsCore
0x0000000022ddb000 	/System/Library/PrivateFrameworks/DesktopServicesPriv.framework/Versions/A/DesktopServicesPriv
0x0000000022ddb000 	/System/Library/Frameworks/Carbon.framework/Versions/A/Frameworks/HIToolbox.framework/Versions/A/HIToolbox
0x0000000022ddb000 	/usr/lib/libicucore.A.dylib
0x0000000022ddb000 	/System/Library/Frameworks/QuartzCore.framework/Versions/A/QuartzCore
0x0000000022ddb000 	/System/Library/Frameworks/Carbon.framework/Versions/A/Frameworks/SpeechRecognition.framework/Versions/A/SpeechRecognition
0x0000000022ddb000 	/usr/lib/libauto.dylib
0x0000000022ddb000 	/usr/lib/libxml2.2.dylib
0x0000000022ddb000 	/System/Library/PrivateFrameworks/CoreUI.framework/Versions/A/CoreUI
0x0000000022ddb000 	/System/Library/Frameworks/CoreAudio.framework/Versions/A/CoreAudio
0x0000000022ddb000 	/System/Library/Frameworks/DiskArbitration.framework/Versions/A/DiskArbitration
0x0000000022ddb000 	/usr/lib/liblangid.dylib
0x0000000022ddb000 	/System/Library/PrivateFrameworks/MultitouchSupport.framework/Versions/A/MultitouchSupport
0x0000000022ddb000 	/System/Library/Frameworks/IOKit.framework/Versions/A/IOKit
0x0000000022ddb000 	/usr/lib/libDiagnosticMessagesClient.dylib
0x0000000022ddb000 	/System/Library/Frameworks/CoreServices.framework/Versions/A/CoreServices
0x0000000022ddb000 	/System/Library/PrivateFrameworks/PerformanceAnalysis.framework/Versions/A/PerformanceAnalysis
0x0000000022ddb000 	/System/Library/PrivateFrameworks/GenerationalStorage.framework/Versions/A/GenerationalStorage
0x0000000022ddb000 	/System/Library/Frameworks/OpenGL.framework/Versions/A/OpenGL
0x0000000022ddb000 	/System/Library/Frameworks/CoreImage.framework/Versions/A/CoreImage
0x0000000022ddb000 	/System/Library/Frameworks/CoreText.framework/Versions/A/CoreText
0x0000000022ddb000 	/System/Library/Frameworks/ImageIO.framework/Versions/A/ImageIO
0x0000000022ddb000 	/System/Library/PrivateFrameworks/Backup.framework/Versions/A/Backup
0x0000000022ddb000 	/usr/lib/libarchive.2.dylib
0x0000000022ddb000 	/System/Library/Frameworks/CFNetwork.framework/Versions/A/CFNetwork
0x0000000022ddb000 	/System/Library/Frameworks/SystemConfiguration.framework/Versions/A/SystemConfiguration
0x0000000022ddb000 	/usr/lib/libCRFSuite.dylib
0x0000000022ddb000 	/usr/lib/libc++.1.dylib
0x0000000022ddb000 	/usr/lib/libc++abi.dylib
0x0000000022ddb000 	/usr/lib/system/libcache.dylib
0x0000000022ddb000 	/usr/lib/system/libcommonCrypto.dylib
0x0000000022ddb000 	/usr/lib/system/libcompiler_rt.dylib
0x0000000022ddb000 	/usr/lib/system/libcopyfile.dylib
0x0000000022ddb000 	/usr/lib/system/libcorecrypto.dylib
0x0000000022ddb000 	/usr/lib/system/libdispatch.dylib
0x0000000022ddb000 	/usr/lib/system/libdyld.dylib
0x0000000022ddb000 	/usr/lib/system/libkeymgr.dylib
0x0000000022ddb000 	/usr/lib/system/liblaunch.dylib
0x0000000022ddb000 	/usr/lib/system/libmacho.dylib
0x0000000022ddb000 	/usr/lib/system/libquarantine.dylib
0x0000000022ddb000 	/usr/lib/system/libremovefile.dylib
0x0000000022ddb000 	/usr/lib/system/libsystem_asl.dylib
0x0000000022ddb000 	/usr/lib/system/libsystem_blocks.dylib
0x0000000022ddb000 	/usr/lib/system/libsystem_c.dylib
0x0000000022ddb000 	/usr/lib/system/libsystem_configuration.dylib
0x0000000022ddb000 	/usr/lib/system/libsystem_coreservices.dylib
0x0000000022ddb000 	/usr/lib/system/libsystem_coretls.dylib
0x0000000022ddb000 	/usr/lib/system/libsystem_dnssd.dylib
0x0000000022ddb000 	/usr/lib/system/libsystem_info.dylib
0x0000000022ddb000 	/usr/lib/system/libsystem_kernel.dylib
0x0000000022ddb000 	/usr/lib/system/libsystem_m.dylib
0x0000000022ddb000 	/usr/lib/system/libsystem_malloc.dylib
0x0000000022ddb000 	/usr/lib/system/libsystem_network.dylib
0x0000000022ddb000 	/usr/lib/system/libsystem_networkextension.dylib
0x0000000022ddb000 	/usr/lib/system/libsystem_notify.dylib
0x0000000022ddb000 	/usr/lib/system/libsystem_platform.dylib
0x0000000022ddb000 	/usr/lib/system/libsystem_pthread.dylib
0x0000000022ddb000 	/usr/lib/system/libsystem_sandbox.dylib
0x0000000022ddb000 	/usr/lib/system/libsystem_secinit.dylib
0x0000000022ddb000 	/usr/lib/system/libsystem_symptoms.dylib
0x0000000022ddb000 	/usr/lib/system/libsystem_trace.dylib
0x0000000022ddb000 	/usr/lib/system/libunwind.dylib
0x0000000022ddb000 	/usr/lib/system/libxpc.dylib
0x0000000022ddb000 	/usr/lib/libbsm.0.dylib
0x0000000022ddb000 	/usr/lib/system/libkxld.dylib
0x0000000022ddb000 	/usr/lib/libcoretls.dylib
0x0000000022ddb000 	/usr/lib/libcoretls_cfhelpers.dylib
0x0000000022ddb000 	/usr/lib/libxar.1.dylib
0x0000000022ddb000 	/usr/lib/libsqlite3.dylib
0x0000000022ddb000 	/usr/lib/libpam.2.dylib
0x0000000022ddb000 	/usr/lib/libOpenScriptingUtil.dylib
0x0000000022ddb000 	/usr/lib/libbz2.1.0.dylib
0x0000000022ddb000 	/usr/lib/liblzma.5.dylib
0x0000000022ddb000 	/usr/lib/libnetwork.dylib
0x0000000022ddb000 	/usr/lib/libpcap.A.dylib
0x0000000022ddb000 	/System/Library/Frameworks/CoreServices.framework/Versions/A/Frameworks/FSEvents.framework/Versions/A/FSEvents
0x0000000022ddb000 	/System/Library/Frameworks/CoreServices.framework/Versions/A/Frameworks/CarbonCore.framework/Versions/A/CarbonCore
0x0000000022ddb000 	/System/Library/Frameworks/CoreServices.framework/Versions/A/Frameworks/Metadata.framework/Versions/A/Metadata
0x0000000022ddb000 	/System/Library/Frameworks/CoreServices.framework/Versions/A/Frameworks/OSServices.framework/Versions/A/OSServices
0x0000000022ddb000 	/System/Library/Frameworks/CoreServices.framework/Versions/A/Frameworks/SearchKit.framework/Versions/A/SearchKit
0x0000000022ddb000 	/System/Library/Frameworks/CoreServices.framework/Versions/A/Frameworks/AE.framework/Versions/A/AE
0x0000000022ddb000 	/System/Library/Frameworks/CoreServices.framework/Versions/A/Frameworks/LaunchServices.framework/Versions/A/LaunchServices
0x0000000022ddb000 	/System/Library/Frameworks/CoreServices.framework/Versions/A/Frameworks/DictionaryServices.framework/Versions/A/DictionaryServices
0x0000000022ddb000 	/System/Library/Frameworks/CoreServices.framework/Versions/A/Frameworks/SharedFileList.framework/Versions/A/SharedFileList
0x0000000022ddb000 	/System/Library/Frameworks/NetFS.framework/Versions/A/NetFS
0x0000000022ddb000 	/System/Library/PrivateFrameworks/NetAuth.framework/Versions/A/NetAuth
0x0000000022ddb000 	/System/Library/PrivateFrameworks/login.framework/Versions/A/Frameworks/loginsupport.framework/Versions/A/loginsupport
0x0000000022ddb000 	/System/Library/PrivateFrameworks/TCC.framework/Versions/A/TCC
0x0000000022ddb000 	/usr/lib/libmecabra.dylib
0x0000000022ddb000 	/System/Library/Frameworks/ApplicationServices.framework/Versions/A/Frameworks/ATS.framework/Versions/A/ATS
0x0000000022ddb000 	/System/Library/Frameworks/ApplicationServices.framework/Versions/A/Frameworks/ColorSync.framework/Versions/A/ColorSync
0x0000000022ddb000 	/System/Library/Frameworks/ApplicationServices.framework/Versions/A/Frameworks/HIServices.framework/Versions/A/HIServices
0x0000000022ddb000 	/System/Library/Frameworks/ApplicationServices.framework/Versions/A/Frameworks/LangAnalysis.framework/Versions/A/LangAnalysis
0x0000000022ddb000 	/System/Library/Frameworks/ApplicationServices.framework/Versions/A/Frameworks/PrintCore.framework/Versions/A/PrintCore
0x0000000022ddb000 	/System/Library/Frameworks/ApplicationServices.framework/Versions/A/Frameworks/QD.framework/Versions/A/QD
0x0000000022ddb000 	/System/Library/Frameworks/ApplicationServices.framework/Versions/A/Frameworks/SpeechSynthesis.framework/Versions/A/SpeechSynthesis
0x0000000022ddb000 	/System/Library/Frameworks/Accelerate.framework/Versions/A/Frameworks/vImage.framework/Versions/A/vImage
0x0000000022ddb000 	/System/Library/Frameworks/Accelerate.framework/Versions/A/Frameworks/vecLib.framework/Versions/A/vecLib
0x0000000022ddb000 	/System/Library/Frameworks/Accelerate.framework/Versions/A/Frameworks/vecLib.framework/Versions/A/libvDSP.dylib
0x0000000022ddb000 	/System/Library/Frameworks/Accelerate.framework/Versions/A/Frameworks/vecLib.framework/Versions/A/libBNNS.dylib
0x0000000022ddb000 	/System/Library/Frameworks/Accelerate.framework/Versions/A/Frameworks/vecLib.framework/Versions/A/libQuadrature.dylib
0x0000000022ddb000 	/System/Library/Frameworks/Accelerate.framework/Versions/A/Frameworks/vecLib.framework/Versions/A/libvMisc.dylib
0x0000000022ddb000 	/System/Library/Frameworks/Accelerate.framework/Versions/A/Frameworks/vecLib.framework/Versions/A/libLAPACK.dylib
0x0000000022ddb000 	/System/Library/Frameworks/Accelerate.framework/Versions/A/Frameworks/vecLib.framework/Versions/A/libBLAS.dylib
0x0000000022ddb000 	/System/Library/Frameworks/Accelerate.framework/Versions/A/Frameworks/vecLib.framework/Versions/A/libLinearAlgebra.dylib
0x0000000022ddb000 	/System/Library/Frameworks/Accelerate.framework/Versions/A/Frameworks/vecLib.framework/Versions/A/libSparseBLAS.dylib
0x0000000022ddb000 	/System/Library/Frameworks/ApplicationServices.framework/Versions/A/Frameworks/ATS.framework/Versions/A/Resources/libFontParser.dylib
0x0000000022ddb000 	/System/Library/Frameworks/ApplicationServices.framework/Versions/A/Frameworks/ATS.framework/Versions/A/Resources/libFontRegistry.dylib
0x0000000022ddb000 	/System/Library/Frameworks/ImageIO.framework/Versions/A/Resources/libJPEG.dylib
0x0000000022ddb000 	/System/Library/Frameworks/ImageIO.framework/Versions/A/Resources/libTIFF.dylib
0x0000000022ddb000 	/System/Library/Frameworks/ImageIO.framework/Versions/A/Resources/libPng.dylib
0x0000000022ddb000 	/System/Library/Frameworks/ImageIO.framework/Versions/A/Resources/libGIF.dylib
0x0000000022ddb000 	/System/Library/Frameworks/ImageIO.framework/Versions/A/Resources/libJP2.dylib
0x0000000022ddb000 	/System/Library/Frameworks/ImageIO.framework/Versions/A/Resources/libRadiance.dylib
0x0000000022ddb000 	/usr/lib/libcompression.dylib
0x0000000022ddb000 	/System/Library/PrivateFrameworks/AppleJPEG.framework/Versions/A/AppleJPEG
0x0000000022ddb000 	/usr/lib/libcups.2.dylib
0x0000000022ddb000 	/System/Library/Frameworks/Kerberos.framework/Versions/A/Kerberos
0x0000000022ddb000 	/System/Library/Frameworks/GSS.framework/Versions/A/GSS
0x0000000022ddb000 	/usr/lib/libresolv.9.dylib
0x0000000022ddb000 	/usr/lib/libiconv.2.dylib
0x0000000022ddb000 	/System/Library/PrivateFrameworks/Heimdal.framework/Versions/A/Heimdal
0x0000000022ddb000 	/usr/lib/libheimdal-asn1.dylib
0x0000000022ddb000 	/System/Library/Frameworks/OpenDirectory.framework/Versions/A/OpenDirectory
0x0000000022ddb000 	/System/Library/PrivateFrameworks/CommonAuth.framework/Versions/A/CommonAuth
0x0000000022ddb000 	/System/Library/Frameworks/OpenDirectory.framework/Versions/A/Frameworks/CFOpenDirectory.framework/Versions/A/CFOpenDirectory
0x0000000022ddb000 	/System/Library/Frameworks/SecurityFoundation.framework/Versions/A/SecurityFoundation
0x0000000022ddb000 	/System/Library/PrivateFrameworks/LanguageModeling.framework/Versions/A/LanguageModeling
0x0000000022ddb000 	/usr/lib/libmarisa.dylib
0x0000000022ddb000 	/usr/lib/libChineseTokenizer.dylib
0x0000000022ddb000 	/usr/lib/libcmph.dylib
0x0000000022ddb000 	/System/Library/PrivateFrameworks/CoreEmoji.framework/Versions/A/CoreEmoji
0x0000000022ddb000 	/System/Library/Frameworks/ServiceManagement.framework/Versions/A/ServiceManagement
0x0000000022ddb000 	/usr/lib/libxslt.1.dylib
0x0000000022ddb000 	/System/Library/Frameworks/Carbon.framework/Versions/A/Frameworks/Ink.framework/Versions/A/Ink
0x0000000022ddb000 	/System/Library/PrivateFrameworks/TextureIO.framework/Versions/A/TextureIO
0x0000000022ddb000 	/System/Library/Frameworks/Metal.framework/Versions/A/Metal
0x0000000022ddb000 	/usr/lib/libate.dylib
0x0000000022ddb000 	/System/Library/PrivateFrameworks/GPUCompiler.framework/libmetal_timestamp.dylib
0x0000000022ddb000 	/System/Library/Frameworks/OpenGL.framework/Versions/A/Libraries/libCoreFSCache.dylib
0x0000000022ddb000 	/System/Library/PrivateFrameworks/IOAccelerator.framework/Versions/A/IOAccelerator
0x0000000022ddb000 	/System/Library/Frameworks/CoreVideo.framework/Versions/A/CoreVideo
0x0000000022ddb000 	/usr/lib/libFosl_dynamic.dylib
0x0000000022ddb000 	/System/Library/PrivateFrameworks/MetalPerformanceShaders.framework/Versions/A/MetalPerformanceShaders
0x0000000022ddb000 	/System/Library/PrivateFrameworks/FaceCore.framework/Versions/A/FaceCore
0x0000000022ddb000 	/System/Library/Frameworks/OpenCL.framework/Versions/A/OpenCL
0x0000000022ddb000 	/System/Library/Frameworks/OpenGL.framework/Versions/A/Libraries/libGLU.dylib
0x0000000022ddb000 	/System/Library/Frameworks/OpenGL.framework/Versions/A/Libraries/libGFXShared.dylib
0x0000000022ddb000 	/System/Library/Frameworks/OpenGL.framework/Versions/A/Libraries/libGL.dylib
0x0000000022ddb000 	/System/Library/Frameworks/OpenGL.framework/Versions/A/Libraries/libGLImage.dylib
0x0000000022ddb000 	/System/Library/Frameworks/OpenGL.framework/Versions/A/Libraries/libCVMSPluginSupport.dylib
0x0000000022ddb000 	/System/Library/Frameworks/OpenGL.framework/Versions/A/Libraries/libCoreVMClient.dylib
0x0000000022ddb000 	/System/Library/PrivateFrameworks/CrashReporterSupport.framework/Versions/A/CrashReporterSupport
0x0000000022ddb000 	/System/Library/PrivateFrameworks/Sharing.framework/Versions/A/Sharing
0x0000000022ddb000 	/System/Library/PrivateFrameworks/IconServices.framework/Versions/A/IconServices
0x0000000022ddb000 	/System/Library/PrivateFrameworks/ProtocolBuffer.framework/Versions/A/ProtocolBuffer
0x0000000022ddb000 	/System/Library/PrivateFrameworks/Apple80211.framework/Versions/A/Apple80211
0x0000000022ddb000 	/System/Library/Frameworks/CoreWLAN.framework/Versions/A/CoreWLAN
0x0000000022ddb000 	/System/Library/PrivateFrameworks/CoreUtils.framework/Versions/A/CoreUtils
0x0000000022ddb000 	/System/Library/Frameworks/IOBluetooth.framework/Versions/A/IOBluetooth
0x0000000022ddb000 	/System/Library/PrivateFrameworks/CoreWiFi.framework/Versions/A/CoreWiFi
0x0000000022ddb000 	/System/Library/Frameworks/CoreBluetooth.framework/Versions/A/CoreBluetooth
0x0000000022ddb000 	/System/Library/Frameworks/CoreDisplay.framework/Versions/A/CoreDisplay
0x0000000022ddb000 	/System/Library/PrivateFrameworks/IOPresentment.framework/Versions/A/IOPresentment
0x0000000022ddb000 	/System/Library/PrivateFrameworks/DebugSymbols.framework/Versions/A/DebugSymbols
0x0000000022ddb000 	/System/Library/PrivateFrameworks/CoreSymbolication.framework/Versions/A/CoreSymbolication
0x0000000022ddb000 	/System/Library/PrivateFrameworks/Symbolication.framework/Versions/A/Symbolication
0x0000000022ddb000 	/System/Library/PrivateFrameworks/AppleFSCompression.framework/Versions/A/AppleFSCompression
0x0000000022ddb000 	/System/Library/PrivateFrameworks/SpeechRecognitionCore.framework/Versions/A/SpeechRecognitionCore
0x0000000022ddb000 	/System/Library/PrivateFrameworks/ChunkingLibrary.framework/Versions/A/ChunkingLibrary
0x0000000104aaa000 	/System/Library/CoreServices/Encodings/libSimplifiedChineseConverter.dylib
0x0000000105c54000 	/Library/Java/JavaVirtualMachines/jdk1.8.0_40.jdk/Contents/Home/jre/lib/server/libjvm.dylib
0x0000000022ddb000 	/usr/lib/libstdc++.6.dylib
0x0000000104aee000 	/Library/Java/JavaVirtualMachines/jdk1.8.0_40.jdk/Contents/Home/jre/lib/libverify.dylib
0x0000000104afc000 	/Library/Java/JavaVirtualMachines/jdk1.8.0_40.jdk/Contents/Home/jre/lib/libjava.dylib
0x0000000104b3b000 	/Library/Java/JavaVirtualMachines/jdk1.8.0_40.jdk/Contents/Home/jre/lib/libzip.dylib
0x000000011bcb3000 	/System/Library/Frameworks/JavaVM.framework/Frameworks/JavaRuntimeSupport.framework/JavaRuntimeSupport
0x000000011bccd000 	/System/Library/Frameworks/JavaVM.framework/Versions/A/Frameworks/JavaNativeFoundation.framework/Versions/A/JavaNativeFoundation
0x0000000104bf0000 	/System/Library/Frameworks/JavaVM.framework/Versions/A/JavaVM
0x0000000022ddb000 	/System/Library/Frameworks/Carbon.framework/Versions/A/Carbon
0x000000011bce2000 	/System/Library/PrivateFrameworks/JavaLaunching.framework/Versions/A/JavaLaunching
0x0000000022ddb000 	/System/Library/Frameworks/Carbon.framework/Versions/A/Frameworks/CommonPanels.framework/Versions/A/CommonPanels
0x0000000022ddb000 	/System/Library/Frameworks/Carbon.framework/Versions/A/Frameworks/Help.framework/Versions/A/Help
0x0000000022ddb000 	/System/Library/Frameworks/Carbon.framework/Versions/A/Frameworks/ImageCapture.framework/Versions/A/ImageCapture
0x0000000022ddb000 	/System/Library/Frameworks/Carbon.framework/Versions/A/Frameworks/OpenScripting.framework/Versions/A/OpenScripting
0x0000000022ddb000 	/System/Library/Frameworks/Carbon.framework/Versions/A/Frameworks/Print.framework/Versions/A/Print
0x0000000022ddb000 	/System/Library/Frameworks/Carbon.framework/Versions/A/Frameworks/SecurityHI.framework/Versions/A/SecurityHI
0x000000011d5e9000 	/Library/Java/JavaVirtualMachines/jdk1.8.0_40.jdk/Contents/Home/jre/lib/libnet.dylib
0x000000011d688000 	/Library/Java/JavaVirtualMachines/jdk1.8.0_40.jdk/Contents/Home/jre/lib/libawt.dylib
0x000000011d730000 	/Library/Java/JavaVirtualMachines/jdk1.8.0_40.jdk/Contents/Home/jre/lib/./libmlib_image.dylib
0x000000011d7fc000 	/Library/Java/JavaVirtualMachines/jdk1.8.0_40.jdk/Contents/Home/jre/lib/libawt_lwawt.dylib
0x000000011d8b0000 	/Library/Java/JavaVirtualMachines/jdk1.8.0_40.jdk/Contents/Home/jre/lib/./libosxapp.dylib
0x0000000022ddb000 	/System/Library/Frameworks/ExceptionHandling.framework/Versions/A/ExceptionHandling
0x0000000022ddb000 	/System/Library/PrivateFrameworks/CoreServicesInternal.framework/Versions/A/CoreServicesInternal
0x0000000022ddb000 	/System/Library/CoreServices/RawCamera.bundle/Contents/MacOS/RawCamera
0x0000000022ddb000 	/System/Library/Frameworks/Accelerate.framework/Versions/A/Frameworks/vImage.framework/Versions/A/Libraries/libCGInterfaces.dylib
0x0000000022ddb000 	/System/Library/Frameworks/ApplicationServices.framework/Versions/A/Frameworks/ATS.framework/Versions/A/Resources/libTrueTypeScaler.dylib
0x0000000022ddb000 	/System/Library/Frameworks/OpenGL.framework/Versions/A/Resources/GLEngine.bundle/GLEngine
0x0000000022ddb000 	/System/Library/Frameworks/OpenGL.framework/Versions/A/Libraries/libGLProgrammability.dylib
0x000000011f62e000 	/System/Library/Extensions/AppleIntelBDWGraphicsGLDriver.bundle/Contents/MacOS/AppleIntelBDWGraphicsGLDriver
0x0000000022ddb000 	/System/Library/PrivateFrameworks/GPUSupport.framework/Versions/A/Libraries/libGPUSupportMercury.dylib
0x0000000022ddb000 	/System/Library/Frameworks/OpenGL.framework/Versions/A/Resources/GLRendererFloat.bundle/GLRendererFloat
0x0000000022ddb000 	/System/Library/Frameworks/OpenCL.framework/Versions/A/Libraries/libcldcpuengine.dylib
0x0000000022ddb000 	/usr/lib/libcrypto.0.9.8.dylib
0x0000000022ddb000 	/System/Library/PrivateFrameworks/TrustEvaluationAgent.framework/Versions/A/TrustEvaluationAgent
0x000000011fda8000 	/System/Library/Extensions/AppleIntelBDWGraphicsMTLDriver.bundle/Contents/MacOS/AppleIntelBDWGraphicsMTLDriver
0x0000000022ddb000 	/System/Library/PrivateFrameworks/FamilyControls.framework/Versions/A/FamilyControls
0x0000000022ddb000 	/System/Library/PrivateFrameworks/CommerceKit.framework/Versions/A/Frameworks/CommerceCore.framework/Versions/A/CommerceCore
0x0000000022ddb000 	/System/Library/PrivateFrameworks/SystemAdministration.framework/Versions/A/SystemAdministration
0x0000000022ddb000 	/System/Library/PrivateFrameworks/AppContainer.framework/Versions/A/AppContainer
0x0000000022ddb000 	/System/Library/PrivateFrameworks/SecCodeWrapper.framework/Versions/A/SecCodeWrapper
0x0000000022ddb000 	/System/Library/Frameworks/DirectoryService.framework/Versions/A/DirectoryService
0x0000000022ddb000 	/System/Library/PrivateFrameworks/DiskImages.framework/Versions/A/DiskImages
0x0000000022ddb000 	/System/Library/PrivateFrameworks/LoginUIKit.framework/Versions/A/Frameworks/LoginUICore.framework/Versions/A/LoginUICore
0x0000000022ddb000 	/usr/lib/libCoreStorage.dylib
0x0000000022ddb000 	/usr/lib/libcsfde.dylib
0x0000000022ddb000 	/usr/lib/libodfde.dylib
0x0000000022ddb000 	/System/Library/Frameworks/DiscRecording.framework/Versions/A/DiscRecording
0x0000000022ddb000 	/usr/lib/libcurl.4.dylib
0x0000000022ddb000 	/System/Library/PrivateFrameworks/MediaKit.framework/Versions/A/MediaKit
0x0000000022ddb000 	/System/Library/PrivateFrameworks/ProtectedCloudStorage.framework/Versions/A/ProtectedCloudStorage
0x0000000022ddb000 	/System/Library/PrivateFrameworks/EFILogin.framework/Versions/A/EFILogin
0x0000000022ddb000 	/usr/lib/libutil.dylib
0x0000000022ddb000 	/System/Library/Frameworks/LDAP.framework/Versions/A/LDAP
0x0000000022ddb000 	/usr/lib/libsasl2.2.dylib
0x0000000022ddb000 	/System/Library/PrivateFrameworks/CoreDaemon.framework/Versions/B/CoreDaemon
0x0000000022ddb000 	/System/Library/PrivateFrameworks/AppleSRP.framework/Versions/A/AppleSRP
0x0000000022ddb000 	/System/Library/PrivateFrameworks/APFS.framework/Versions/A/APFS
0x0000000121a54000 	/Library/Java/JavaVirtualMachines/jdk1.8.0_40.jdk/Contents/Home/jre/lib/libfontmanager.dylib
0x0000000121abb000 	/Library/Java/JavaVirtualMachines/jdk1.8.0_40.jdk/Contents/Home/jre/lib/libosxui.dylib
0x0000000022ddb000 	/System/Library/PrivateFrameworks/ViewBridge.framework/Versions/A/ViewBridge
0x0000000022ddb000 	/System/Library/PrivateFrameworks/XPCService.framework/Versions/A/XPCService
0x0000000022ddb000 	/System/Library/PrivateFrameworks/AppSandbox.framework/Versions/A/AppSandbox
0x0000000022ddb000 	/usr/lib/libsandbox.1.dylib
0x0000000022ddb000 	/usr/lib/libMatch.1.dylib
0x0000000127f13000 	/Library/Java/JavaVirtualMachines/jdk1.8.0_40.jdk/Contents/Home/jre/lib/libnio.dylib
0x0000000129c75000 	/Library/Java/JavaVirtualMachines/jdk1.8.0_40.jdk/Contents/Home/jre/lib/libdcpr.dylib

VM Arguments:
jvm_args: -Dfile.encoding=UTF-8 
java_command: runner.ClientRunner
java_class_path (initial): /Users/ClaraLee/GitHub/Code/HRMSClient/target/classes:/Users/ClaraLee/Documents/Eclipse.app/Contents/Eclipse/plugins/org.junit_4.12.0.v201504281640/junit.jar:/Users/ClaraLee/Documents/Eclipse.app/Contents/Eclipse/plugins/org.hamcrest.core_1.3.0.v201303031735.jar:/Users/ClaraLee/.m2/repository/junit/junit/4.12/junit-4.12.jar:/Users/ClaraLee/.m2/repository/org/hamcrest/hamcrest-core/1.3/hamcrest-core-1.3.jar
Launcher Type: SUN_STANDARD

Environment Variables:
PATH=/usr/bin:/bin:/usr/sbin:/sbin
SHELL=/bin/bash

Signal Handlers:
SIGSEGV: [libjvm.dylib+0x58ef95], sa_mask[0]=11111111011111110111111111111111, sa_flags=SA_ONSTACK|SA_RESTART|SA_SIGINFO
SIGBUS: [libjvm.dylib+0x58ef95], sa_mask[0]=11111111011111110111111111111111, sa_flags=SA_RESTART|SA_SIGINFO
SIGFPE: [libjvm.dylib+0x46c118], sa_mask[0]=11111111011111110111111111111111, sa_flags=SA_RESTART|SA_SIGINFO
SIGPIPE: [libjvm.dylib+0x46c118], sa_mask[0]=11111111011111110111111111111111, sa_flags=SA_RESTART|SA_SIGINFO
SIGXFSZ: [libjvm.dylib+0x46c118], sa_mask[0]=11111111011111110111111111111111, sa_flags=SA_RESTART|SA_SIGINFO
SIGILL: [libjvm.dylib+0x46c118], sa_mask[0]=11111111011111110111111111111111, sa_flags=SA_RESTART|SA_SIGINFO
SIGUSR1: SIG_DFL, sa_mask[0]=00000000000000000000000000000000, sa_flags=none
SIGUSR2: [libjvm.dylib+0x46bc36], sa_mask[0]=00100000000000000000000000000000, sa_flags=SA_RESTART|SA_SIGINFO
SIGHUP: [libjvm.dylib+0x46a209], sa_mask[0]=11111111011111110111111111111111, sa_flags=SA_RESTART|SA_SIGINFO
SIGINT: [libjvm.dylib+0x46a209], sa_mask[0]=11111111011111110111111111111111, sa_flags=SA_RESTART|SA_SIGINFO
SIGTERM: [libjvm.dylib+0x46a209], sa_mask[0]=11111111011111110111111111111111, sa_flags=SA_RESTART|SA_SIGINFO
SIGQUIT: [libjvm.dylib+0x46a209], sa_mask[0]=11111111011111110111111111111111, sa_flags=SA_RESTART|SA_SIGINFO


---------------  S Y S T E M  ---------------

OS:Bsduname:Darwin 16.0.0 Darwin Kernel Version 16.0.0: Mon Aug 29 17:56:20 PDT 2016; root:xnu-3789.1.32~3/RELEASE_X86_64 x86_64
rlimit: STACK 8192k, CORE 0k, NPROC 709, NOFILE 10240, AS infinity
load average:2.35 2.57 2.58

CPU:total 4 (2 cores per cpu, 2 threads per core) family 6 model 61 stepping 4, cmov, cx8, fxsr, mmx, sse, sse2, sse3, ssse3, sse4.1, sse4.2, popcnt, avx, avx2, aes, clmul, erms, 3dnowpref, lzcnt, ht, tsc, tscinvbit, bmi1, bmi2, adx

Memory: 4k page, physical 8388608k(1491784k free)

/proc/meminfo:


vm_info: Java HotSpot(TM) 64-Bit Server VM (25.40-b25) for bsd-amd64 JRE (1.8.0_40-b27), built on Mar 13 2015 04:46:52 by "java_re" with gcc 4.2.1 (Based on Apple Inc. build 5658) (LLVM build 2336.11.00)

time: Sat Dec 10 22:20:23 2016
elapsed time: 12 seconds (0d 0h 0m 12s)

