#
# A fatal error has been detected by the Java Runtime Environment:
#
#  SIGILL (0x4) at pc=0x00007fff95fcd28e, pid=44120, tid=2059
#
# JRE version: Java(TM) SE Runtime Environment (8.0_40-b27) (build 1.8.0_40-b27)
# Java VM: Java HotSpot(TM) 64-Bit Server VM (25.40-b25 mixed mode bsd-amd64 compressed oops)
# Problematic frame:
# C  [AppKit+0x3a528e]  -[NSApplication _crashOnException:]+0x6d
#
# Failed to write core dump. Core dumps have been disabled. To enable core dumping, try "ulimit -c unlimited" before starting Java again
#
# If you would like to submit a bug report, please visit:
#   http://bugreport.java.com/bugreport/crash.jsp
# The crash happened outside the Java Virtual Machine in native code.
# See problematic frame for where to report the bug.
#

---------------  T H R E A D  ---------------

Current thread (0x00007f9f0e04a800):  JavaThread "AppKit Thread" daemon [_thread_in_native, id=2059, stack(0x00007fff5190c000,0x00007fff5210c000)]

siginfo: si_signo: 4 (SIGILL), si_code: 1 (ILL_ILLOPC), si_addr: 0x00007fff95fcd28e

Registers:
RAX=0x00007f9f0cad3600, RBX=0x00007f9f0c7da870, RCX=0x0000000000000001, RDX=0x0000000000000000
RSP=0x00007fff52105070, RBP=0x00007fff52105080, RSI=0x000000000000250d, RDI=0x00007f9f11905c20
R8 =0x0000000008000100, R9 =0x0000000000000000, R10=0x00007fffb2821fb8, R11=0x00000000000027ff
R12=0x0000000000000050, R13=0x00007fff967a5ff5, R14=0x00007fffac72bb40, R15=0x00007fffb2822f80
RIP=0x00007fff95fcd28e, EFLAGS=0x0000000000010202, ERR=0x0000000000000000
  TRAPNO=0x0000000000000006

Top of Stack: (sp=0x00007fff52105070)
0x00007fff52105070:   00007f9f11a113e0 00007fff967a59f2
0x00007fff52105080:   00007fff521051b0 00007fff9609d5ad
0x00007fff52105090:   00007f9f0c7284d0 00007fff967a5df1
0x00007fff521050a0:   00007f9f0c42f7d0 00007f9f0c797420
0x00007fff521050b0:   00007f9f0c7da870 00007f9f11a17fc0
0x00007fff521050c0:   ffffffffffffffff 00007fff52105100
0x00007fff521050d0:   00007fff521050d8 0000000000000050
0x00007fff521050e0:   0000000000000000 0000000000000000
0x00007fff521050f0:   0000000000000000 0000000000000000
0x00007fff52105100:   00007f9f0c753ae0 00007f9f11a055c0
0x00007fff52105110:   00007f9f11a150e0 00007f9f0c72bdf0
0x00007fff52105120:   00007f9f11a15160 00007f9f11a151e0
0x00007fff52105130:   00007f9f11a15950 00007f9f0c7ebe50
0x00007fff52105140:   00007f9f0c7613e0 00007f9f0c7ebee0
0x00007fff52105150:   00007f9f0c7ebf50 00007f9f0c7edfb0
0x00007fff52105160:   00007f9f11a05640 00007f9f0c7facb0
0x00007fff52105170:   00007f9f0c7d3520 00007f9f0c7adda0
0x00007fff52105180:   f3443184c9ae0052 00007fff521051b0
0x00007fff52105190:   00007f9f11962560 00007fff521051c0
0x00007fff521051a0:   00007f9f0c7da870 00007f9f0c42f7d0
0x00007fff521051b0:   00007fff52105200 00007fff95fcd1fc
0x00007fff521051c0:   00007fff52105210 00007fff521051c0
0x00007fff521051d0:   f3443184c9ae0052 00007fff52105210
0x00007fff521051e0:   00007fff52105210 0000000000000000
0x00007fff521051f0:   00007fff52105200 00007f9f0c7da870
0x00007fff52105200:   00007fff52105230 00007fff96095dd3
0x00007fff52105210:   00007fff521055c0 0000000000000000
0x00007fff52105220:   0000000000000001 00007f9f0c75f9d0
0x00007fff52105230:   00007fff52105540 00007fff97550e9d
0x00007fff52105240:   00007f9f0c75f9d0 00007fff97550aea
0x00007fff52105250:   00007fff52105280 00007f9f0c7c5358
0x00007fff52105260:   0000000000000000 0000000000000003 

Instructions: (pc=0x00007fff95fcd28e)
0x00007fff95fcd26e:   48 89 c7 ff 15 f9 bd fe 1b 48 8b 35 b2 7b 27 1c
0x00007fff95fcd27e:   48 89 c7 ff 15 e9 bd fe 1b 48 89 05 9a d1 2d 1c
0x00007fff95fcd28e:   0f 0b 48 89 c7 e8 7c 5c 72 00 31 ff 31 f6 31 c0
0x00007fff95fcd29e:   e8 e3 c3 e2 ff e8 90 5c 72 00 48 89 c3 e8 7c 5c 

Register to memory mapping:

RAX=0x00007f9f0cad3600 is an unknown value
RBX=0x00007f9f0c7da870 is an unknown value
RCX=0x0000000000000001 is an unknown value
RDX=0x0000000000000000 is an unknown value
RSP=0x00007fff52105070 is pointing into the stack for thread: 0x00007f9f0e04a800
RBP=0x00007fff52105080 is pointing into the stack for thread: 0x00007f9f0e04a800
RSI=0x000000000000250d is an unknown value
RDI=0x00007f9f11905c20 is an unknown value
R8 =0x0000000008000100 is an unknown value
R9 =0x0000000000000000 is an unknown value
R10=0x00007fffb2821fb8: OBJC_CLASS_$___NSCFString+0 in /System/Library/Frameworks/CoreFoundation.framework/Versions/A/CoreFoundation at 0x00007fff97f50000
R11=0x00000000000027ff is an unknown value
R12=0x0000000000000050 is an unknown value
R13=0x00007fff967a5ff5: __NSStyleNameIndexTable+0x6d308 in /System/Library/Frameworks/AppKit.framework/Versions/C/AppKit at 0x00007fff95c28000
R14=0x00007fffac72bb40: objc_msgSend+0 in /usr/lib/libobjc.A.dylib at 0x00007fffac725000
R15=0x00007fffb2822f80: OBJC_CLASS_$_NSDictionary+0 in /System/Library/Frameworks/CoreFoundation.framework/Versions/A/CoreFoundation at 0x00007fff97f50000


Stack: [0x00007fff5190c000,0x00007fff5210c000],  sp=0x00007fff52105070,  free space=8164k
Native frames: (J=compiled Java code, j=interpreted, Vv=VM code, C=native code)
C  [AppKit+0x3a528e]  -[NSApplication _crashOnException:]+0x6d
C  [AppKit+0x4755ad]  -[NSApplication _showException:]+0x2e8
C  [AppKit+0x3a51fc]  -[NSApplication reportException:]+0x167
C  [AppKit+0x46ddd3]  uncaughtErrorProc+0x9e
C  [HIToolbox+0x8e9d]  DispatchEventToHandlers(EventTargetRec*, OpaqueEventRef*, HandlerCallRec*)+0x474
C  [HIToolbox+0x8346]  SendEventToEventTargetInternal(OpaqueEventRef*, OpaqueEventTargetRef*, HandlerCallRec*)+0x1ac
C  [HIToolbox+0x818f]  SendEventToEventTargetWithOptions+0x2b
C  [HIToolbox+0x5ef86]  SendTSMEvent_WithCompletionHandler+0x198
C  [HIToolbox+0x212378]  __SendTextInputEvent_WithCompletionHandler_block_invoke+0x248
C  [HIToolbox+0x210689]  SendTextInputEvent_WithCompletionHandler+0x482
C  [HIToolbox+0x281829]  -[IMKInputSession _postEvent:completionHandler:]+0xb0
C  [HIToolbox+0x291485]  -[IMKInputSession _copyUniCharsForRange:intoBuffer:ofLength:completionHandler:]+0x212
C  [HIToolbox+0x291c0e]  -[IMKInputSession _coreAttributesFromRange:whichAttributes:completionHandler:]+0x119
C  [HIToolbox+0x293bb0]  -[IMKInputSession attributedSubstringFromRange:completionHandler:]+0xba
C  [HIToolbox+0x2843ab]  __61-[IMKInputSession imkxpc_attributedSubstringFromRange:reply:]_block_invoke+0x212
C  [CoreFoundation+0xa73ac]  __CFRUNLOOP_IS_CALLING_OUT_TO_A_BLOCK__+0xc
C  [CoreFoundation+0x88424]  __CFRunLoopDoBlocks+0x164
C  [CoreFoundation+0x87f66]  __CFRunLoopRun+0x756
C  [CoreFoundation+0x875b4]  CFRunLoopRunSpecific+0x1a4
C  [HIToolbox+0x26b63e]  -[IMKInputSessionXPCInvocation invocationAwaitXPCReply]+0x25e
C  [HIToolbox+0x272b6a]  __49-[IMKInputSession handleEvent:completionHandler:]_block_invoke_2.479+0x6b8
C  [HIToolbox+0x271f88]  __49-[IMKInputSession handleEvent:completionHandler:]_block_invoke_2.438+0x236
C  [HIToolbox+0x256314]  -[IMKClient switchedInputMode:completionHandler:]+0x195
C  [HIToolbox+0x270e32]  -[IMKInputSession tryHandleEventSwitchedInputMode:eventWasHandled:continuationHandler:]+0x7a
C  [HIToolbox+0x271d2c]  __49-[IMKInputSession handleEvent:completionHandler:]_block_invoke.437+0xaa
C  [HIToolbox+0x271b6b]  __49-[IMKInputSession handleEvent:completionHandler:]_block_invoke+0x105
C  [HIToolbox+0x27dd3f]  -[IMKInputSession _eventIsOn:completionHandler:]+0x72e
C  [HIToolbox+0x2713e1]  -[IMKInputSession handleEvent:completionHandler:]+0x37a
C  [HIToolbox+0x221f10]  IMKInputSessionProcessEventRefWithCompletionHandler+0x78
C  [HIToolbox+0x2212c2]  InputMethodInstanceProcessEventRef_WithCompletionHandler+0x81
C  [HIToolbox+0x20fa1a]  __TSMEventToInputMethod_WithCompletionHandler_block_invoke+0x7c
C  [HIToolbox+0x2138a0]  __SendTSMDocumentLockEvent_WithCompletionHandler_block_invoke+0x5f
C  [HIToolbox+0x61f92]  invocation function for block in DispatchEventToHandlers(EventTargetRec*, OpaqueEventRef*, HandlerCallRec*)+0x6c
C  [AppKit+0x1dda4d]  -[NSTextInputContext handleTSMEvent:completionHandler:]+0xce2
C  [AppKit+0x1dccfd]  _NSTSMEventHandler+0x13f
C  [HIToolbox+0x90d5]  DispatchEventToHandlers(EventTargetRec*, OpaqueEventRef*, HandlerCallRec*)+0x6ac
C  [HIToolbox+0x8346]  SendEventToEventTargetInternal(OpaqueEventRef*, OpaqueEventTargetRef*, HandlerCallRec*)+0x1ac
C  [HIToolbox+0x818f]  SendEventToEventTargetWithOptions+0x2b
C  [HIToolbox+0x5ef86]  SendTSMEvent_WithCompletionHandler+0x198
C  [HIToolbox+0x20f951]  TrySendLockEvent_BeforeEventToInputMethod_WithContinuationHandler+0x15f
C  [HIToolbox+0x20f78e]  TSMEventToInputMethod_WithCompletionHandler+0x94
C  [HIToolbox+0x20f6da]  TSMEventToKeyboardInputMethod_WithCompletionHandler+0x7f
C  [HIToolbox+0x5e474]  TSMKeyEvent_WithCompletionHandler+0x248
C  [HIToolbox+0x5e1f3]  __TSMProcessRawKeyEventWithOptionsAndCompletionHandler_block_invoke_4+0xfb
C  [HIToolbox+0x5e020]  __TSMProcessRawKeyEventWithOptionsAndCompletionHandler_block_invoke_3+0x119
C  [HIToolbox+0x5dd36]  __TSMProcessRawKeyEventWithOptionsAndCompletionHandler_block_invoke_2+0x134
C  [HIToolbox+0x5da6d]  __TSMProcessRawKeyEventWithOptionsAndCompletionHandler_block_invoke+0x12c
C  [HIToolbox+0x5cfdd]  TSMProcessRawKeyEventWithOptionsAndCompletionHandler+0xe14
C  [AppKit+0x97df16]  __61-[NSTextInputContext _handleEvent:options:completionHandler:]_block_invoke.885+0x74
C  [AppKit+0x97d9c5]  __204-[NSTextInputContext tryTSMProcessRawKeyEvent_orSubstitution:dispatchCondition:setupForDispatch:furtherCondition:doubleSpaceSubstitutionCondition:doubleSpaceSubstitutionWork:dispatchTSMWork:continuation:]_block_invoke.817+0x79
C  [AppKit+0x97d82f]  -[NSTextInputContext tryTSMProcessRawKeyEvent_orSubstitution:dispatchCondition:setupForDispatch:furtherCondition:doubleSpaceSubstitutionCondition:doubleSpaceSubstitutionWork:dispatchTSMWork:continuation:]+0x11d
C  [AppKit+0x1db5fb]  -[NSTextInputContext _handleEvent:options:completionHandler:]+0x512
C  [AppKit+0x1db0ae]  -[NSTextInputContext handleEvent:]+0x6d
C  [AppKit+0x1dafb2]  -[NSView interpretKeyEvents:]+0xe8
C  [libawt_lwawt.dylib+0x4b13]  -[AWTView keyDown:]+0x55
C  [AppKit+0x8b67ec]  -[NSWindow(NSEventRouting) _reallySendEvent:isDelayedEvent:]+0xff6
C  [AppKit+0x8b542a]  -[NSWindow(NSEventRouting) sendEvent:]+0x21d
C  [libawt_lwawt.dylib+0x89be]  -[AWTWindow_Normal sendEvent:]+0x56
C  [AppKit+0x756a1c]  -[NSApplication(NSEvent) sendEvent:]+0x12a0
C  [libosxapp.dylib+0x23ac]  -[NSApplicationAWT sendEvent:]+0x109
C  [AppKit+0x3c009]  -[NSApplication run]+0x3ea
C  [libosxapp.dylib+0x223e]  +[NSApplicationAWT runAWTLoopWithApp:]+0x9c
C  [libawt_lwawt.dylib+0x4463b]  -[AWTStarter starter:]+0x389
C  [Foundation+0x71f2a]  __NSThreadPerformPerform+0x146
C  [CoreFoundation+0xa7551]  __CFRUNLOOP_IS_CALLING_OUT_TO_A_SOURCE0_PERFORM_FUNCTION__+0x11
C  [CoreFoundation+0x886bd]  __CFRunLoopDoSources0+0x22d
C  [CoreFoundation+0x87bb6]  __CFRunLoopRun+0x3a6
C  [CoreFoundation+0x875b4]  CFRunLoopRunSpecific+0x1a4
C  [java+0x6490]  CreateExecutionEnvironment+0x367
C  [java+0x221c]  JLI_Launch+0x7a0
C  [java+0x84ed]  main+0x65
C  [java+0x1a74]  start+0x34
C  0x0000000000000005


---------------  P R O C E S S  ---------------

Java Threads: ( => current thread )
  0x00007f9f0d171000 JavaThread "TimerQueue" daemon [_thread_blocked, id=63707, stack(0x0000700009ff6000,0x000070000a0f6000)]
  0x00007f9f0c917000 JavaThread "DestroyJavaVM" [_thread_blocked, id=6915, stack(0x00007000087a8000,0x00007000088a8000)]
  0x00007f9f0e119000 JavaThread "AWT-EventQueue-0" [_thread_in_native, id=59907, stack(0x0000700009e70000,0x0000700009f70000)]
  0x00007f9f0ca26000 JavaThread "Java2D Disposer" daemon [_thread_blocked, id=57867, stack(0x0000700009c6a000,0x0000700009d6a000)]
  0x00007f9f0d181000 JavaThread "Java2D Queue Flusher" daemon [_thread_blocked, id=47979, stack(0x0000700009b67000,0x0000700009c67000)]
  0x00007f9f0c907800 JavaThread "AWT-Shutdown" [_thread_blocked, id=31263, stack(0x00007000099e1000,0x0000700009ae1000)]
=>0x00007f9f0e04a800 JavaThread "AppKit Thread" daemon [_thread_in_native, id=2059, stack(0x00007fff5190c000,0x00007fff5210c000)]
  0x00007f9f0d88e000 JavaThread "GC Daemon" daemon [_thread_blocked, id=20483, stack(0x000070000985b000,0x000070000995b000)]
  0x00007f9f0d0de800 JavaThread "RMI RenewClean-[127.0.0.1:54285]" daemon [_thread_blocked, id=19971, stack(0x0000700009758000,0x0000700009858000)]
  0x00007f9f0c870000 JavaThread "RMI Scheduler(0)" daemon [_thread_blocked, id=19459, stack(0x0000700009655000,0x0000700009755000)]
  0x00007f9f0c869000 JavaThread "Service Thread" daemon [_thread_blocked, id=18435, stack(0x000070000944f000,0x000070000954f000)]
  0x00007f9f0c87e000 JavaThread "C1 CompilerThread2" daemon [_thread_blocked, id=17923, stack(0x000070000934c000,0x000070000944c000)]
  0x00007f9f0e042000 JavaThread "C2 CompilerThread1" daemon [_thread_blocked, id=17411, stack(0x0000700009249000,0x0000700009349000)]
  0x00007f9f0e00a000 JavaThread "C2 CompilerThread0" daemon [_thread_blocked, id=16899, stack(0x0000700009146000,0x0000700009246000)]
  0x00007f9f0c837800 JavaThread "Signal Dispatcher" daemon [_thread_blocked, id=16387, stack(0x0000700009043000,0x0000700009143000)]
  0x00007f9f0d807800 JavaThread "Finalizer" daemon [_thread_blocked, id=12291, stack(0x0000700008ebd000,0x0000700008fbd000)]
  0x00007f9f0e002000 JavaThread "Reference Handler" daemon [_thread_blocked, id=11779, stack(0x0000700008dba000,0x0000700008eba000)]

Other Threads:
  0x00007f9f0d807000 VMThread [stack: 0x0000700008cb7000,0x0000700008db7000] [id=11267]
  0x00007f9f0e042800 WatcherThread [stack: 0x0000700009552000,0x0000700009652000] [id=18947]

VM state:not at safepoint (normal execution)

VM Mutex/Monitor currently owned by a thread: None

Heap:
 PSYoungGen      total 38400K, used 16608K [0x0000000795580000, 0x0000000798000000, 0x00000007c0000000)
  eden space 33280K, 49% used [0x0000000795580000,0x00000007965b8180,0x0000000797600000)
  from space 5120K, 0% used [0x0000000797600000,0x0000000797600000,0x0000000797b00000)
  to   space 5120K, 0% used [0x0000000797b00000,0x0000000797b00000,0x0000000798000000)
 ParOldGen       total 87552K, used 796K [0x0000000740000000, 0x0000000745580000, 0x0000000795580000)
  object space 87552K, 0% used [0x0000000740000000,0x00000007400c7078,0x0000000745580000)
 Metaspace       used 13568K, capacity 13794K, committed 14080K, reserved 1060864K
  class space    used 1702K, capacity 1786K, committed 1792K, reserved 1048576K

Card table byte_map: [0x000000010f729000,0x000000010fb2a000] byte_map_base: 0x000000010bd29000

Marking Bits: (ParMarkBitMap*) 0x000000010ecc27a0
 Begin Bits: [0x000000010fdd5000, 0x0000000111dd5000)
 End Bits:   [0x0000000111dd5000, 0x0000000113dd5000)

Polling page: 0x000000010dbc8000

CodeCache: size=245760Kb used=3800Kb max_used=3801Kb free=241959Kb
 bounds [0x000000011cf9b000, 0x000000011d35b000, 0x000000012bf9b000]
 total_blobs=1663 nmethods=1126 adapters=451
 compilation: enabled

Compilation events (10 events):
Event: 19.762 Thread 0x00007f9f0c87e000 1122       3       sun.java2d.SunGraphics2D::getClipBounds (21 bytes)
Event: 19.762 Thread 0x00007f9f0e042000 1124       4       java.util.concurrent.locks.ReentrantLock$NonfairSync::lock (25 bytes)
Event: 19.763 Thread 0x00007f9f0c87e000 nmethod 1122 0x000000011d34ea90 code [0x000000011d34ec20, 0x000000011d34f0a8]
Event: 19.763 Thread 0x00007f9f0c87e000 1123       3       sun.java2d.SunGraphics2D::getClipBounds (102 bytes)
Event: 19.763 Thread 0x00007f9f0e042000 nmethod 1124 0x000000011d351f90 code [0x000000011d3520e0, 0x000000011d3521a8]
Event: 19.764 Thread 0x00007f9f0c87e000 nmethod 1123 0x000000011d34fe50 code [0x000000011d350100, 0x000000011d351848]
Event: 19.764 Thread 0x00007f9f0c87e000 1125       1       javax.swing.plaf.basic.BasicTextUI$RootView::getContainer (8 bytes)
Event: 19.764 Thread 0x00007f9f0c87e000 nmethod 1125 0x000000011d34fb50 code [0x000000011d34fca0, 0x000000011d34fdb0]
Event: 19.764 Thread 0x00007f9f0c87e000 1126       3       java.awt.AlphaComposite::getAlpha (5 bytes)
Event: 19.764 Thread 0x00007f9f0c87e000 nmethod 1126 0x000000011d34f850 code [0x000000011d34f9a0, 0x000000011d34faf0]

GC Heap History (4 events):
Event: 0.315 GC heap before
{Heap before GC invocations=1 (full 0):
 PSYoungGen      total 38400K, used 3993K [0x0000000795580000, 0x0000000798000000, 0x00000007c0000000)
  eden space 33280K, 12% used [0x0000000795580000,0x00000007959667e8,0x0000000797600000)
  from space 5120K, 0% used [0x0000000797b00000,0x0000000797b00000,0x0000000798000000)
  to   space 5120K, 0% used [0x0000000797600000,0x0000000797600000,0x0000000797b00000)
 ParOldGen       total 87552K, used 0K [0x0000000740000000, 0x0000000745580000, 0x0000000795580000)
  object space 87552K, 0% used [0x0000000740000000,0x0000000740000000,0x0000000745580000)
 Metaspace       used 4829K, capacity 4938K, committed 4992K, reserved 1056768K
  class space    used 562K, capacity 593K, committed 640K, reserved 1048576K
Event: 0.317 GC heap after
Heap after GC invocations=1 (full 0):
 PSYoungGen      total 38400K, used 896K [0x0000000795580000, 0x0000000798000000, 0x00000007c0000000)
  eden space 33280K, 0% used [0x0000000795580000,0x0000000795580000,0x0000000797600000)
  from space 5120K, 17% used [0x0000000797600000,0x00000007976e0020,0x0000000797b00000)
  to   space 5120K, 0% used [0x0000000797b00000,0x0000000797b00000,0x0000000798000000)
 ParOldGen       total 87552K, used 8K [0x0000000740000000, 0x0000000745580000, 0x0000000795580000)
  object space 87552K, 0% used [0x0000000740000000,0x0000000740002000,0x0000000745580000)
 Metaspace       used 4829K, capacity 4938K, committed 4992K, reserved 1056768K
  class space    used 562K, capacity 593K, committed 640K, reserved 1048576K
}
Event: 0.317 GC heap before
{Heap before GC invocations=2 (full 1):
 PSYoungGen      total 38400K, used 896K [0x0000000795580000, 0x0000000798000000, 0x00000007c0000000)
  eden space 33280K, 0% used [0x0000000795580000,0x0000000795580000,0x0000000797600000)
  from space 5120K, 17% used [0x0000000797600000,0x00000007976e0020,0x0000000797b00000)
  to   space 5120K, 0% used [0x0000000797b00000,0x0000000797b00000,0x0000000798000000)
 ParOldGen       total 87552K, used 8K [0x0000000740000000, 0x0000000745580000, 0x0000000795580000)
  object space 87552K, 0% used [0x0000000740000000,0x0000000740002000,0x0000000745580000)
 Metaspace       used 4829K, capacity 4938K, committed 4992K, reserved 1056768K
  class space    used 562K, capacity 593K, committed 640K, reserved 1048576K
Event: 0.325 GC heap after
Heap after GC invocations=2 (full 1):
 PSYoungGen      total 38400K, used 0K [0x0000000795580000, 0x0000000798000000, 0x00000007c0000000)
  eden space 33280K, 0% used [0x0000000795580000,0x0000000795580000,0x0000000797600000)
  from space 5120K, 0% used [0x0000000797600000,0x0000000797600000,0x0000000797b00000)
  to   space 5120K, 0% used [0x0000000797b00000,0x0000000797b00000,0x0000000798000000)
 ParOldGen       total 87552K, used 796K [0x0000000740000000, 0x0000000745580000, 0x0000000795580000)
  object space 87552K, 0% used [0x0000000740000000,0x00000007400c7078,0x0000000745580000)
 Metaspace       used 4829K, capacity 4938K, committed 4992K, reserved 1056768K
  class space    used 562K, capacity 593K, committed 640K, reserved 1048576K
}

Deoptimization events (9 events):
Event: 0.840 Thread 0x00007f9f0d005000 Uncommon trap: reason=unstable_if action=reinterpret pc=0x000000011d18caf8 method=java.lang.AbstractStringBuilder.append(Ljava/lang/String;)Ljava/lang/AbstractStringBuilder; @ 1
Event: 0.841 Thread 0x00007f9f0d005000 Uncommon trap: reason=unstable_if action=reinterpret pc=0x000000011d18a750 method=java.lang.AbstractStringBuilder.append(Ljava/lang/String;)Ljava/lang/AbstractStringBuilder; @ 1
Event: 0.847 Thread 0x00007f9f0d005000 Uncommon trap: reason=unstable_if action=reinterpret pc=0x000000011d10a464 method=java.util.HashMap.hash(Ljava/lang/Object;)I @ 1
Event: 0.942 Thread 0x00007f9f0d13f800 Uncommon trap: reason=unstable_if action=reinterpret pc=0x000000011d1dfc50 method=sun.awt.image.PNGImageDecoder.produceImage()V @ 867
Event: 2.160 Thread 0x00007f9f0e119000 Uncommon trap: reason=unstable_if action=reinterpret pc=0x000000011d22f25c method=java.lang.CharacterData.of(I)Ljava/lang/CharacterData; @ 4
Event: 5.123 Thread 0x00007f9f0e119000 Uncommon trap: reason=class_check action=maybe_recompile pc=0x000000011d123758 method=java.lang.String.equals(Ljava/lang/Object;)Z @ 8
Event: 5.123 Thread 0x00007f9f0e119000 Uncommon trap: reason=class_check action=maybe_recompile pc=0x000000011d123758 method=java.lang.String.equals(Ljava/lang/Object;)Z @ 8
Event: 5.800 Thread 0x00007f9f0e119000 Uncommon trap: reason=class_check action=maybe_recompile pc=0x000000011d123758 method=java.lang.String.equals(Ljava/lang/Object;)Z @ 8
Event: 5.800 Thread 0x00007f9f0e119000 Uncommon trap: reason=class_check action=maybe_recompile pc=0x000000011d123758 method=java.lang.String.equals(Ljava/lang/Object;)Z @ 8

Internal exceptions (10 events):
Event: 0.615 Thread 0x00007f9f0d005000 Exception <a 'java/io/FileNotFoundException'> (0x0000000795810da8) thrown at [/Users/java_re/workspace/8-2-build-macosx-x86_64/jdk8u40/3153/hotspot/src/share/vm/prims/jni.cpp, line 709]
Event: 0.615 Thread 0x00007f9f0d005000 Exception <a 'java/io/FileNotFoundException'> (0x00000007958118b0) thrown at [/Users/java_re/workspace/8-2-build-macosx-x86_64/jdk8u40/3153/hotspot/src/share/vm/prims/jni.cpp, line 709]
Event: 0.632 Thread 0x00007f9f0d005000 Exception <a 'java/io/FileNotFoundException'> (0x0000000795863100) thrown at [/Users/java_re/workspace/8-2-build-macosx-x86_64/jdk8u40/3153/hotspot/src/share/vm/prims/jni.cpp, line 709]
Event: 0.696 Thread 0x00007f9f0d005000 Exception <a 'java/lang/NoSuchFieldError': method resolution failed> (0x0000000795933820) thrown at [/Users/java_re/workspace/8-2-build-macosx-x86_64/jdk8u40/3153/hotspot/src/share/vm/prims/methodHandles.cpp, line 1125]
Event: 0.701 Thread 0x00007f9f0d005000 Exception <a 'java/lang/NoSuchFieldError': method resolution failed> (0x0000000795942230) thrown at [/Users/java_re/workspace/8-2-build-macosx-x86_64/jdk8u40/3153/hotspot/src/share/vm/prims/methodHandles.cpp, line 1125]
Event: 0.840 Thread 0x00007f9f0d005000 Implicit null exception at 0x000000011d18c775 to 0x000000011d18cae5
Event: 0.841 Thread 0x00007f9f0d005000 Implicit null exception at 0x000000011d18a3b3 to 0x000000011d18a73d
Event: 0.847 Thread 0x00007f9f0d005000 Implicit null exception at 0x000000011d10a235 to 0x000000011d10a455
Event: 9.977 Thread 0x00007f9f0e04a800 Exception <a 'java/lang/NullPointerException'> (0x00000007963e46c0) thrown at [/Users/java_re/workspace/8-2-build-macosx-x86_64/jdk8u40/3153/hotspot/src/share/vm/prims/jni.cpp, line 1318]
Event: 19.744 Thread 0x00007f9f0e04a800 Exception <a 'java/lang/NullPointerException'> (0x0000000796552c60) thrown at [/Users/java_re/workspace/8-2-build-macosx-x86_64/jdk8u40/3153/hotspot/src/share/vm/prims/jni.cpp, line 1318]

Events (10 events):
Event: 9.978 loading class java/lang/Throwable$PrintStreamOrWriter done
Event: 9.978 loading class java/lang/Throwable$WrappedPrintWriter done
Event: 12.243 loading class java/awt/LightweightDispatcher$2
Event: 12.243 loading class java/awt/LightweightDispatcher$2 done
Event: 17.667 loading class java/awt/SequencedEvent
Event: 17.667 loading class java/awt/SequencedEvent done
Event: 17.668 loading class java/awt/SequencedEvent$1
Event: 17.669 loading class sun/awt/AWTAccessor$SequencedEventAccessor
Event: 17.669 loading class sun/awt/AWTAccessor$SequencedEventAccessor done
Event: 17.669 loading class java/awt/SequencedEvent$1 done


Dynamic libraries:
0x0000000022ddb000 	/System/Library/Frameworks/Cocoa.framework/Versions/A/Cocoa
0x0000000022ddb000 	/System/Library/Frameworks/Security.framework/Versions/A/Security
0x0000000022ddb000 	/System/Library/Frameworks/ApplicationServices.framework/Versions/A/ApplicationServices
0x0000000022ddb000 	/usr/lib/libz.1.dylib
0x0000000022ddb000 	/usr/lib/libSystem.B.dylib
0x0000000022ddb000 	/usr/lib/libobjc.A.dylib
0x0000000022ddb000 	/System/Library/Frameworks/CoreFoundation.framework/Versions/A/CoreFoundation
0x0000000022ddb000 	/System/Library/Frameworks/Foundation.framework/Versions/C/Foundation
0x0000000022ddb000 	/System/Library/Frameworks/AppKit.framework/Versions/C/AppKit
0x0000000022ddb000 	/System/Library/Frameworks/CoreData.framework/Versions/A/CoreData
0x0000000022ddb000 	/System/Library/PrivateFrameworks/RemoteViewServices.framework/Versions/A/RemoteViewServices
0x0000000022ddb000 	/System/Library/PrivateFrameworks/UIFoundation.framework/Versions/A/UIFoundation
0x0000000022ddb000 	/usr/lib/libenergytrace.dylib
0x0000000022ddb000 	/System/Library/PrivateFrameworks/SkyLight.framework/Versions/A/SkyLight
0x0000000022ddb000 	/System/Library/Frameworks/CoreGraphics.framework/Versions/A/CoreGraphics
0x0000000022ddb000 	/usr/lib/libScreenReader.dylib
0x0000000022ddb000 	/System/Library/Frameworks/Accelerate.framework/Versions/A/Accelerate
0x0000000022ddb000 	/System/Library/Frameworks/IOSurface.framework/Versions/A/IOSurface
0x0000000022ddb000 	/System/Library/Frameworks/AudioToolbox.framework/Versions/A/AudioToolbox
0x0000000022ddb000 	/System/Library/Frameworks/AudioUnit.framework/Versions/A/AudioUnit
0x0000000022ddb000 	/System/Library/PrivateFrameworks/DataDetectorsCore.framework/Versions/A/DataDetectorsCore
0x0000000022ddb000 	/System/Library/PrivateFrameworks/DesktopServicesPriv.framework/Versions/A/DesktopServicesPriv
0x0000000022ddb000 	/System/Library/Frameworks/Carbon.framework/Versions/A/Frameworks/HIToolbox.framework/Versions/A/HIToolbox
0x0000000022ddb000 	/usr/lib/libicucore.A.dylib
0x0000000022ddb000 	/System/Library/Frameworks/QuartzCore.framework/Versions/A/QuartzCore
0x0000000022ddb000 	/System/Library/Frameworks/Carbon.framework/Versions/A/Frameworks/SpeechRecognition.framework/Versions/A/SpeechRecognition
0x0000000022ddb000 	/usr/lib/libauto.dylib
0x0000000022ddb000 	/usr/lib/libxml2.2.dylib
0x0000000022ddb000 	/System/Library/PrivateFrameworks/CoreUI.framework/Versions/A/CoreUI
0x0000000022ddb000 	/System/Library/Frameworks/CoreAudio.framework/Versions/A/CoreAudio
0x0000000022ddb000 	/System/Library/Frameworks/DiskArbitration.framework/Versions/A/DiskArbitration
0x0000000022ddb000 	/usr/lib/liblangid.dylib
0x0000000022ddb000 	/System/Library/PrivateFrameworks/MultitouchSupport.framework/Versions/A/MultitouchSupport
0x0000000022ddb000 	/System/Library/Frameworks/IOKit.framework/Versions/A/IOKit
0x0000000022ddb000 	/usr/lib/libDiagnosticMessagesClient.dylib
0x0000000022ddb000 	/System/Library/Frameworks/CoreServices.framework/Versions/A/CoreServices
0x0000000022ddb000 	/System/Library/PrivateFrameworks/PerformanceAnalysis.framework/Versions/A/PerformanceAnalysis
0x0000000022ddb000 	/System/Library/PrivateFrameworks/GenerationalStorage.framework/Versions/A/GenerationalStorage
0x0000000022ddb000 	/System/Library/Frameworks/OpenGL.framework/Versions/A/OpenGL
0x0000000022ddb000 	/System/Library/Frameworks/CoreImage.framework/Versions/A/CoreImage
0x0000000022ddb000 	/System/Library/Frameworks/CoreText.framework/Versions/A/CoreText
0x0000000022ddb000 	/System/Library/Frameworks/ImageIO.framework/Versions/A/ImageIO
0x0000000022ddb000 	/System/Library/PrivateFrameworks/Backup.framework/Versions/A/Backup
0x0000000022ddb000 	/usr/lib/libarchive.2.dylib
0x0000000022ddb000 	/System/Library/Frameworks/CFNetwork.framework/Versions/A/CFNetwork
0x0000000022ddb000 	/System/Library/Frameworks/SystemConfiguration.framework/Versions/A/SystemConfiguration
0x0000000022ddb000 	/usr/lib/libCRFSuite.dylib
0x0000000022ddb000 	/usr/lib/libc++.1.dylib
0x0000000022ddb000 	/usr/lib/libc++abi.dylib
0x0000000022ddb000 	/usr/lib/system/libcache.dylib
0x0000000022ddb000 	/usr/lib/system/libcommonCrypto.dylib
0x0000000022ddb000 	/usr/lib/system/libcompiler_rt.dylib
0x0000000022ddb000 	/usr/lib/system/libcopyfile.dylib
0x0000000022ddb000 	/usr/lib/system/libcorecrypto.dylib
0x0000000022ddb000 	/usr/lib/system/libdispatch.dylib
0x0000000022ddb000 	/usr/lib/system/libdyld.dylib
0x0000000022ddb000 	/usr/lib/system/libkeymgr.dylib
0x0000000022ddb000 	/usr/lib/system/liblaunch.dylib
0x0000000022ddb000 	/usr/lib/system/libmacho.dylib
0x0000000022ddb000 	/usr/lib/system/libquarantine.dylib
0x0000000022ddb000 	/usr/lib/system/libremovefile.dylib
0x0000000022ddb000 	/usr/lib/system/libsystem_asl.dylib
0x0000000022ddb000 	/usr/lib/system/libsystem_blocks.dylib
0x0000000022ddb000 	/usr/lib/system/libsystem_c.dylib
0x0000000022ddb000 	/usr/lib/system/libsystem_configuration.dylib
0x0000000022ddb000 	/usr/lib/system/libsystem_coreservices.dylib
0x0000000022ddb000 	/usr/lib/system/libsystem_coretls.dylib
0x0000000022ddb000 	/usr/lib/system/libsystem_dnssd.dylib
0x0000000022ddb000 	/usr/lib/system/libsystem_info.dylib
0x0000000022ddb000 	/usr/lib/system/libsystem_kernel.dylib
0x0000000022ddb000 	/usr/lib/system/libsystem_m.dylib
0x0000000022ddb000 	/usr/lib/system/libsystem_malloc.dylib
0x0000000022ddb000 	/usr/lib/system/libsystem_network.dylib
0x0000000022ddb000 	/usr/lib/system/libsystem_networkextension.dylib
0x0000000022ddb000 	/usr/lib/system/libsystem_notify.dylib
0x0000000022ddb000 	/usr/lib/system/libsystem_platform.dylib
0x0000000022ddb000 	/usr/lib/system/libsystem_pthread.dylib
0x0000000022ddb000 	/usr/lib/system/libsystem_sandbox.dylib
0x0000000022ddb000 	/usr/lib/system/libsystem_secinit.dylib
0x0000000022ddb000 	/usr/lib/system/libsystem_symptoms.dylib
0x0000000022ddb000 	/usr/lib/system/libsystem_trace.dylib
0x0000000022ddb000 	/usr/lib/system/libunwind.dylib
0x0000000022ddb000 	/usr/lib/system/libxpc.dylib
0x0000000022ddb000 	/usr/lib/libbsm.0.dylib
0x0000000022ddb000 	/usr/lib/system/libkxld.dylib
0x0000000022ddb000 	/usr/lib/libcoretls.dylib
0x0000000022ddb000 	/usr/lib/libcoretls_cfhelpers.dylib
0x0000000022ddb000 	/usr/lib/libxar.1.dylib
0x0000000022ddb000 	/usr/lib/libsqlite3.dylib
0x0000000022ddb000 	/usr/lib/libpam.2.dylib
0x0000000022ddb000 	/usr/lib/libOpenScriptingUtil.dylib
0x0000000022ddb000 	/usr/lib/libbz2.1.0.dylib
0x0000000022ddb000 	/usr/lib/liblzma.5.dylib
0x0000000022ddb000 	/usr/lib/libnetwork.dylib
0x0000000022ddb000 	/usr/lib/libpcap.A.dylib
0x0000000022ddb000 	/System/Library/Frameworks/CoreServices.framework/Versions/A/Frameworks/FSEvents.framework/Versions/A/FSEvents
0x0000000022ddb000 	/System/Library/Frameworks/CoreServices.framework/Versions/A/Frameworks/CarbonCore.framework/Versions/A/CarbonCore
0x0000000022ddb000 	/System/Library/Frameworks/CoreServices.framework/Versions/A/Frameworks/Metadata.framework/Versions/A/Metadata
0x0000000022ddb000 	/System/Library/Frameworks/CoreServices.framework/Versions/A/Frameworks/OSServices.framework/Versions/A/OSServices
0x0000000022ddb000 	/System/Library/Frameworks/CoreServices.framework/Versions/A/Frameworks/SearchKit.framework/Versions/A/SearchKit
0x0000000022ddb000 	/System/Library/Frameworks/CoreServices.framework/Versions/A/Frameworks/AE.framework/Versions/A/AE
0x0000000022ddb000 	/System/Library/Frameworks/CoreServices.framework/Versions/A/Frameworks/LaunchServices.framework/Versions/A/LaunchServices
0x0000000022ddb000 	/System/Library/Frameworks/CoreServices.framework/Versions/A/Frameworks/DictionaryServices.framework/Versions/A/DictionaryServices
0x0000000022ddb000 	/System/Library/Frameworks/CoreServices.framework/Versions/A/Frameworks/SharedFileList.framework/Versions/A/SharedFileList
0x0000000022ddb000 	/System/Library/Frameworks/NetFS.framework/Versions/A/NetFS
0x0000000022ddb000 	/System/Library/PrivateFrameworks/NetAuth.framework/Versions/A/NetAuth
0x0000000022ddb000 	/System/Library/PrivateFrameworks/login.framework/Versions/A/Frameworks/loginsupport.framework/Versions/A/loginsupport
0x0000000022ddb000 	/System/Library/PrivateFrameworks/TCC.framework/Versions/A/TCC
0x0000000022ddb000 	/usr/lib/libmecabra.dylib
0x0000000022ddb000 	/System/Library/Frameworks/ApplicationServices.framework/Versions/A/Frameworks/ATS.framework/Versions/A/ATS
0x0000000022ddb000 	/System/Library/Frameworks/ApplicationServices.framework/Versions/A/Frameworks/ColorSync.framework/Versions/A/ColorSync
0x0000000022ddb000 	/System/Library/Frameworks/ApplicationServices.framework/Versions/A/Frameworks/HIServices.framework/Versions/A/HIServices
0x0000000022ddb000 	/System/Library/Frameworks/ApplicationServices.framework/Versions/A/Frameworks/LangAnalysis.framework/Versions/A/LangAnalysis
0x0000000022ddb000 	/System/Library/Frameworks/ApplicationServices.framework/Versions/A/Frameworks/PrintCore.framework/Versions/A/PrintCore
0x0000000022ddb000 	/System/Library/Frameworks/ApplicationServices.framework/Versions/A/Frameworks/QD.framework/Versions/A/QD
0x0000000022ddb000 	/System/Library/Frameworks/ApplicationServices.framework/Versions/A/Frameworks/SpeechSynthesis.framework/Versions/A/SpeechSynthesis
0x0000000022ddb000 	/System/Library/Frameworks/Accelerate.framework/Versions/A/Frameworks/vImage.framework/Versions/A/vImage
0x0000000022ddb000 	/System/Library/Frameworks/Accelerate.framework/Versions/A/Frameworks/vecLib.framework/Versions/A/vecLib
0x0000000022ddb000 	/System/Library/Frameworks/Accelerate.framework/Versions/A/Frameworks/vecLib.framework/Versions/A/libvDSP.dylib
0x0000000022ddb000 	/System/Library/Frameworks/Accelerate.framework/Versions/A/Frameworks/vecLib.framework/Versions/A/libBNNS.dylib
0x0000000022ddb000 	/System/Library/Frameworks/Accelerate.framework/Versions/A/Frameworks/vecLib.framework/Versions/A/libQuadrature.dylib
0x0000000022ddb000 	/System/Library/Frameworks/Accelerate.framework/Versions/A/Frameworks/vecLib.framework/Versions/A/libvMisc.dylib
0x0000000022ddb000 	/System/Library/Frameworks/Accelerate.framework/Versions/A/Frameworks/vecLib.framework/Versions/A/libLAPACK.dylib
0x0000000022ddb000 	/System/Library/Frameworks/Accelerate.framework/Versions/A/Frameworks/vecLib.framework/Versions/A/libBLAS.dylib
0x0000000022ddb000 	/System/Library/Frameworks/Accelerate.framework/Versions/A/Frameworks/vecLib.framework/Versions/A/libLinearAlgebra.dylib
0x0000000022ddb000 	/System/Library/Frameworks/Accelerate.framework/Versions/A/Frameworks/vecLib.framework/Versions/A/libSparseBLAS.dylib
0x0000000022ddb000 	/System/Library/Frameworks/ApplicationServices.framework/Versions/A/Frameworks/ATS.framework/Versions/A/Resources/libFontParser.dylib
0x0000000022ddb000 	/System/Library/Frameworks/ApplicationServices.framework/Versions/A/Frameworks/ATS.framework/Versions/A/Resources/libFontRegistry.dylib
0x0000000022ddb000 	/System/Library/Frameworks/ImageIO.framework/Versions/A/Resources/libJPEG.dylib
0x0000000022ddb000 	/System/Library/Frameworks/ImageIO.framework/Versions/A/Resources/libTIFF.dylib
0x0000000022ddb000 	/System/Library/Frameworks/ImageIO.framework/Versions/A/Resources/libPng.dylib
0x0000000022ddb000 	/System/Library/Frameworks/ImageIO.framework/Versions/A/Resources/libGIF.dylib
0x0000000022ddb000 	/System/Library/Frameworks/ImageIO.framework/Versions/A/Resources/libJP2.dylib
0x0000000022ddb000 	/System/Library/Frameworks/ImageIO.framework/Versions/A/Resources/libRadiance.dylib
0x0000000022ddb000 	/usr/lib/libcompression.dylib
0x0000000022ddb000 	/System/Library/PrivateFrameworks/AppleJPEG.framework/Versions/A/AppleJPEG
0x0000000022ddb000 	/usr/lib/libcups.2.dylib
0x0000000022ddb000 	/System/Library/Frameworks/Kerberos.framework/Versions/A/Kerberos
0x0000000022ddb000 	/System/Library/Frameworks/GSS.framework/Versions/A/GSS
0x0000000022ddb000 	/usr/lib/libresolv.9.dylib
0x0000000022ddb000 	/usr/lib/libiconv.2.dylib
0x0000000022ddb000 	/System/Library/PrivateFrameworks/Heimdal.framework/Versions/A/Heimdal
0x0000000022ddb000 	/usr/lib/libheimdal-asn1.dylib
0x0000000022ddb000 	/System/Library/Frameworks/OpenDirectory.framework/Versions/A/OpenDirectory
0x0000000022ddb000 	/System/Library/PrivateFrameworks/CommonAuth.framework/Versions/A/CommonAuth
0x0000000022ddb000 	/System/Library/Frameworks/OpenDirectory.framework/Versions/A/Frameworks/CFOpenDirectory.framework/Versions/A/CFOpenDirectory
0x0000000022ddb000 	/System/Library/Frameworks/SecurityFoundation.framework/Versions/A/SecurityFoundation
0x0000000022ddb000 	/System/Library/PrivateFrameworks/LanguageModeling.framework/Versions/A/LanguageModeling
0x0000000022ddb000 	/usr/lib/libmarisa.dylib
0x0000000022ddb000 	/usr/lib/libChineseTokenizer.dylib
0x0000000022ddb000 	/usr/lib/libcmph.dylib
0x0000000022ddb000 	/System/Library/PrivateFrameworks/CoreEmoji.framework/Versions/A/CoreEmoji
0x0000000022ddb000 	/System/Library/Frameworks/ServiceManagement.framework/Versions/A/ServiceManagement
0x0000000022ddb000 	/usr/lib/libxslt.1.dylib
0x0000000022ddb000 	/System/Library/Frameworks/Carbon.framework/Versions/A/Frameworks/Ink.framework/Versions/A/Ink
0x0000000022ddb000 	/System/Library/PrivateFrameworks/TextureIO.framework/Versions/A/TextureIO
0x0000000022ddb000 	/System/Library/Frameworks/Metal.framework/Versions/A/Metal
0x0000000022ddb000 	/usr/lib/libate.dylib
0x0000000022ddb000 	/System/Library/PrivateFrameworks/GPUCompiler.framework/libmetal_timestamp.dylib
0x0000000022ddb000 	/System/Library/Frameworks/OpenGL.framework/Versions/A/Libraries/libCoreFSCache.dylib
0x0000000022ddb000 	/System/Library/PrivateFrameworks/IOAccelerator.framework/Versions/A/IOAccelerator
0x0000000022ddb000 	/System/Library/Frameworks/CoreVideo.framework/Versions/A/CoreVideo
0x0000000022ddb000 	/usr/lib/libFosl_dynamic.dylib
0x0000000022ddb000 	/System/Library/PrivateFrameworks/MetalPerformanceShaders.framework/Versions/A/MetalPerformanceShaders
0x0000000022ddb000 	/System/Library/PrivateFrameworks/FaceCore.framework/Versions/A/FaceCore
0x0000000022ddb000 	/System/Library/Frameworks/OpenCL.framework/Versions/A/OpenCL
0x0000000022ddb000 	/System/Library/Frameworks/OpenGL.framework/Versions/A/Libraries/libGLU.dylib
0x0000000022ddb000 	/System/Library/Frameworks/OpenGL.framework/Versions/A/Libraries/libGFXShared.dylib
0x0000000022ddb000 	/System/Library/Frameworks/OpenGL.framework/Versions/A/Libraries/libGL.dylib
0x0000000022ddb000 	/System/Library/Frameworks/OpenGL.framework/Versions/A/Libraries/libGLImage.dylib
0x0000000022ddb000 	/System/Library/Frameworks/OpenGL.framework/Versions/A/Libraries/libCVMSPluginSupport.dylib
0x0000000022ddb000 	/System/Library/Frameworks/OpenGL.framework/Versions/A/Libraries/libCoreVMClient.dylib
0x0000000022ddb000 	/System/Library/PrivateFrameworks/CrashReporterSupport.framework/Versions/A/CrashReporterSupport
0x0000000022ddb000 	/System/Library/PrivateFrameworks/Sharing.framework/Versions/A/Sharing
0x0000000022ddb000 	/System/Library/PrivateFrameworks/IconServices.framework/Versions/A/IconServices
0x0000000022ddb000 	/System/Library/PrivateFrameworks/ProtocolBuffer.framework/Versions/A/ProtocolBuffer
0x0000000022ddb000 	/System/Library/PrivateFrameworks/Apple80211.framework/Versions/A/Apple80211
0x0000000022ddb000 	/System/Library/Frameworks/CoreWLAN.framework/Versions/A/CoreWLAN
0x0000000022ddb000 	/System/Library/PrivateFrameworks/CoreUtils.framework/Versions/A/CoreUtils
0x0000000022ddb000 	/System/Library/Frameworks/IOBluetooth.framework/Versions/A/IOBluetooth
0x0000000022ddb000 	/System/Library/PrivateFrameworks/CoreWiFi.framework/Versions/A/CoreWiFi
0x0000000022ddb000 	/System/Library/Frameworks/CoreBluetooth.framework/Versions/A/CoreBluetooth
0x0000000022ddb000 	/System/Library/Frameworks/CoreDisplay.framework/Versions/A/CoreDisplay
0x0000000022ddb000 	/System/Library/PrivateFrameworks/IOPresentment.framework/Versions/A/IOPresentment
0x0000000022ddb000 	/System/Library/PrivateFrameworks/DebugSymbols.framework/Versions/A/DebugSymbols
0x0000000022ddb000 	/System/Library/PrivateFrameworks/CoreSymbolication.framework/Versions/A/CoreSymbolication
0x0000000022ddb000 	/System/Library/PrivateFrameworks/Symbolication.framework/Versions/A/Symbolication
0x0000000022ddb000 	/System/Library/PrivateFrameworks/AppleFSCompression.framework/Versions/A/AppleFSCompression
0x0000000022ddb000 	/System/Library/PrivateFrameworks/SpeechRecognitionCore.framework/Versions/A/SpeechRecognitionCore
0x0000000022ddb000 	/System/Library/PrivateFrameworks/ChunkingLibrary.framework/Versions/A/ChunkingLibrary
0x000000010db41000 	/System/Library/CoreServices/Encodings/libSimplifiedChineseConverter.dylib
0x000000010e400000 	/Library/Java/JavaVirtualMachines/jdk1.8.0_40.jdk/Contents/Home/jre/lib/server/libjvm.dylib
0x0000000022ddb000 	/usr/lib/libstdc++.6.dylib
0x000000010db85000 	/Library/Java/JavaVirtualMachines/jdk1.8.0_40.jdk/Contents/Home/jre/lib/libverify.dylib
0x000000010db93000 	/Library/Java/JavaVirtualMachines/jdk1.8.0_40.jdk/Contents/Home/jre/lib/libjava.dylib
0x000000010dbd2000 	/Library/Java/JavaVirtualMachines/jdk1.8.0_40.jdk/Contents/Home/jre/lib/libzip.dylib
0x0000000115cab000 	/System/Library/Frameworks/JavaVM.framework/Frameworks/JavaRuntimeSupport.framework/JavaRuntimeSupport
0x0000000115cc5000 	/System/Library/Frameworks/JavaVM.framework/Versions/A/Frameworks/JavaNativeFoundation.framework/Versions/A/JavaNativeFoundation
0x0000000115cda000 	/System/Library/Frameworks/JavaVM.framework/Versions/A/JavaVM
0x0000000022ddb000 	/System/Library/Frameworks/Carbon.framework/Versions/A/Carbon
0x0000000115ce7000 	/System/Library/PrivateFrameworks/JavaLaunching.framework/Versions/A/JavaLaunching
0x0000000022ddb000 	/System/Library/Frameworks/Carbon.framework/Versions/A/Frameworks/CommonPanels.framework/Versions/A/CommonPanels
0x0000000022ddb000 	/System/Library/Frameworks/Carbon.framework/Versions/A/Frameworks/Help.framework/Versions/A/Help
0x0000000022ddb000 	/System/Library/Frameworks/Carbon.framework/Versions/A/Frameworks/ImageCapture.framework/Versions/A/ImageCapture
0x0000000022ddb000 	/System/Library/Frameworks/Carbon.framework/Versions/A/Frameworks/OpenScripting.framework/Versions/A/OpenScripting
0x0000000022ddb000 	/System/Library/Frameworks/Carbon.framework/Versions/A/Frameworks/Print.framework/Versions/A/Print
0x0000000022ddb000 	/System/Library/Frameworks/Carbon.framework/Versions/A/Frameworks/SecurityHI.framework/Versions/A/SecurityHI
0x00000001175f4000 	/Library/Java/JavaVirtualMachines/jdk1.8.0_40.jdk/Contents/Home/jre/lib/libnet.dylib
0x0000000117693000 	/Library/Java/JavaVirtualMachines/jdk1.8.0_40.jdk/Contents/Home/jre/lib/libawt.dylib
0x000000011773b000 	/Library/Java/JavaVirtualMachines/jdk1.8.0_40.jdk/Contents/Home/jre/lib/./libmlib_image.dylib
0x0000000117807000 	/Library/Java/JavaVirtualMachines/jdk1.8.0_40.jdk/Contents/Home/jre/lib/libawt_lwawt.dylib
0x00000001178bb000 	/Library/Java/JavaVirtualMachines/jdk1.8.0_40.jdk/Contents/Home/jre/lib/./libosxapp.dylib
0x0000000022ddb000 	/System/Library/Frameworks/ExceptionHandling.framework/Versions/A/ExceptionHandling
0x0000000022ddb000 	/System/Library/PrivateFrameworks/CoreServicesInternal.framework/Versions/A/CoreServicesInternal
0x0000000022ddb000 	/System/Library/CoreServices/RawCamera.bundle/Contents/MacOS/RawCamera
0x0000000022ddb000 	/System/Library/Frameworks/Accelerate.framework/Versions/A/Frameworks/vImage.framework/Versions/A/Libraries/libCGInterfaces.dylib
0x0000000022ddb000 	/System/Library/Frameworks/ApplicationServices.framework/Versions/A/Frameworks/ATS.framework/Versions/A/Resources/libTrueTypeScaler.dylib
0x0000000022ddb000 	/System/Library/Frameworks/OpenGL.framework/Versions/A/Resources/GLEngine.bundle/GLEngine
0x0000000022ddb000 	/System/Library/Frameworks/OpenGL.framework/Versions/A/Libraries/libGLProgrammability.dylib
0x00000001195f5000 	/System/Library/Extensions/AppleIntelBDWGraphicsGLDriver.bundle/Contents/MacOS/AppleIntelBDWGraphicsGLDriver
0x0000000022ddb000 	/System/Library/PrivateFrameworks/GPUSupport.framework/Versions/A/Libraries/libGPUSupportMercury.dylib
0x0000000022ddb000 	/System/Library/Frameworks/OpenGL.framework/Versions/A/Resources/GLRendererFloat.bundle/GLRendererFloat
0x0000000022ddb000 	/System/Library/Frameworks/OpenCL.framework/Versions/A/Libraries/libcldcpuengine.dylib
0x0000000022ddb000 	/usr/lib/libcrypto.0.9.8.dylib
0x0000000022ddb000 	/System/Library/PrivateFrameworks/TrustEvaluationAgent.framework/Versions/A/TrustEvaluationAgent
0x0000000119d6f000 	/System/Library/Extensions/AppleIntelBDWGraphicsMTLDriver.bundle/Contents/MacOS/AppleIntelBDWGraphicsMTLDriver
0x0000000022ddb000 	/System/Library/PrivateFrameworks/FamilyControls.framework/Versions/A/FamilyControls
0x0000000022ddb000 	/System/Library/PrivateFrameworks/CommerceKit.framework/Versions/A/Frameworks/CommerceCore.framework/Versions/A/CommerceCore
0x0000000022ddb000 	/System/Library/PrivateFrameworks/SystemAdministration.framework/Versions/A/SystemAdministration
0x0000000022ddb000 	/System/Library/PrivateFrameworks/AppContainer.framework/Versions/A/AppContainer
0x0000000022ddb000 	/System/Library/PrivateFrameworks/SecCodeWrapper.framework/Versions/A/SecCodeWrapper
0x0000000022ddb000 	/System/Library/Frameworks/DirectoryService.framework/Versions/A/DirectoryService
0x0000000022ddb000 	/System/Library/PrivateFrameworks/DiskImages.framework/Versions/A/DiskImages
0x0000000022ddb000 	/System/Library/PrivateFrameworks/LoginUIKit.framework/Versions/A/Frameworks/LoginUICore.framework/Versions/A/LoginUICore
0x0000000022ddb000 	/usr/lib/libCoreStorage.dylib
0x0000000022ddb000 	/usr/lib/libcsfde.dylib
0x0000000022ddb000 	/usr/lib/libodfde.dylib
0x0000000022ddb000 	/System/Library/Frameworks/DiscRecording.framework/Versions/A/DiscRecording
0x0000000022ddb000 	/usr/lib/libcurl.4.dylib
0x0000000022ddb000 	/System/Library/PrivateFrameworks/MediaKit.framework/Versions/A/MediaKit
0x0000000022ddb000 	/System/Library/PrivateFrameworks/ProtectedCloudStorage.framework/Versions/A/ProtectedCloudStorage
0x0000000022ddb000 	/System/Library/PrivateFrameworks/EFILogin.framework/Versions/A/EFILogin
0x0000000022ddb000 	/usr/lib/libutil.dylib
0x0000000022ddb000 	/System/Library/Frameworks/LDAP.framework/Versions/A/LDAP
0x0000000022ddb000 	/usr/lib/libsasl2.2.dylib
0x0000000022ddb000 	/System/Library/PrivateFrameworks/CoreDaemon.framework/Versions/B/CoreDaemon
0x0000000022ddb000 	/System/Library/PrivateFrameworks/AppleSRP.framework/Versions/A/AppleSRP
0x0000000022ddb000 	/System/Library/PrivateFrameworks/APFS.framework/Versions/A/APFS
0x000000011ba5e000 	/Library/Java/JavaVirtualMachines/jdk1.8.0_40.jdk/Contents/Home/jre/lib/libfontmanager.dylib
0x000000011bac5000 	/Library/Java/JavaVirtualMachines/jdk1.8.0_40.jdk/Contents/Home/jre/lib/libosxui.dylib
0x0000000131028000 	/Library/Java/JavaVirtualMachines/jdk1.8.0_40.jdk/Contents/Home/jre/lib/libnio.dylib
0x0000000022ddb000 	/System/Library/PrivateFrameworks/ViewBridge.framework/Versions/A/ViewBridge
0x0000000022ddb000 	/System/Library/PrivateFrameworks/XPCService.framework/Versions/A/XPCService
0x0000000022ddb000 	/System/Library/PrivateFrameworks/AppSandbox.framework/Versions/A/AppSandbox
0x0000000022ddb000 	/usr/lib/libsandbox.1.dylib
0x0000000022ddb000 	/usr/lib/libMatch.1.dylib
0x0000000132413000 	/Library/Java/JavaVirtualMachines/jdk1.8.0_40.jdk/Contents/Home/jre/lib/libdcpr.dylib

VM Arguments:
jvm_args: -Dfile.encoding=UTF-8 
java_command: runner.ClientRunner
java_class_path (initial): /Users/ClaraLee/GitHub/Code/HRMSClient/target/classes:/Users/ClaraLee/Documents/Eclipse.app/Contents/Eclipse/plugins/org.junit_4.12.0.v201504281640/junit.jar:/Users/ClaraLee/Documents/Eclipse.app/Contents/Eclipse/plugins/org.hamcrest.core_1.3.0.v201303031735.jar:/Users/ClaraLee/.m2/repository/junit/junit/4.12/junit-4.12.jar:/Users/ClaraLee/.m2/repository/org/hamcrest/hamcrest-core/1.3/hamcrest-core-1.3.jar
Launcher Type: SUN_STANDARD

Environment Variables:
PATH=/usr/bin:/bin:/usr/sbin:/sbin
SHELL=/bin/bash

Signal Handlers:
SIGSEGV: [libjvm.dylib+0x58ef95], sa_mask[0]=11111111011111110111111111111111, sa_flags=SA_ONSTACK|SA_RESTART|SA_SIGINFO
SIGBUS: [libjvm.dylib+0x58ef95], sa_mask[0]=11111111011111110111111111111111, sa_flags=SA_RESTART|SA_SIGINFO
SIGFPE: [libjvm.dylib+0x46c118], sa_mask[0]=11111111011111110111111111111111, sa_flags=SA_RESTART|SA_SIGINFO
SIGPIPE: [libjvm.dylib+0x46c118], sa_mask[0]=11111111011111110111111111111111, sa_flags=SA_RESTART|SA_SIGINFO
SIGXFSZ: [libjvm.dylib+0x46c118], sa_mask[0]=11111111011111110111111111111111, sa_flags=SA_RESTART|SA_SIGINFO
SIGILL: [libjvm.dylib+0x46c118], sa_mask[0]=11111111011111110111111111111111, sa_flags=SA_RESTART|SA_SIGINFO
SIGUSR1: SIG_DFL, sa_mask[0]=00000000000000000000000000000000, sa_flags=none
SIGUSR2: [libjvm.dylib+0x46bc36], sa_mask[0]=00100000000000000000000000000000, sa_flags=SA_RESTART|SA_SIGINFO
SIGHUP: [libjvm.dylib+0x46a209], sa_mask[0]=11111111011111110111111111111111, sa_flags=SA_RESTART|SA_SIGINFO
SIGINT: [libjvm.dylib+0x46a209], sa_mask[0]=11111111011111110111111111111111, sa_flags=SA_RESTART|SA_SIGINFO
SIGTERM: [libjvm.dylib+0x46a209], sa_mask[0]=11111111011111110111111111111111, sa_flags=SA_RESTART|SA_SIGINFO
SIGQUIT: [libjvm.dylib+0x46a209], sa_mask[0]=11111111011111110111111111111111, sa_flags=SA_RESTART|SA_SIGINFO


---------------  S Y S T E M  ---------------

OS:Bsduname:Darwin 16.0.0 Darwin Kernel Version 16.0.0: Mon Aug 29 17:56:20 PDT 2016; root:xnu-3789.1.32~3/RELEASE_X86_64 x86_64
rlimit: STACK 8192k, CORE 0k, NPROC 709, NOFILE 10240, AS infinity
load average:3.85 3.14 2.78

CPU:total 4 (2 cores per cpu, 2 threads per core) family 6 model 61 stepping 4, cmov, cx8, fxsr, mmx, sse, sse2, sse3, ssse3, sse4.1, sse4.2, popcnt, avx, avx2, aes, clmul, erms, 3dnowpref, lzcnt, ht, tsc, tscinvbit, bmi1, bmi2, adx

Memory: 4k page, physical 8388608k(2258476k free)

/proc/meminfo:


vm_info: Java HotSpot(TM) 64-Bit Server VM (25.40-b25) for bsd-amd64 JRE (1.8.0_40-b27), built on Mar 13 2015 04:46:52 by "java_re" with gcc 4.2.1 (Based on Apple Inc. build 5658) (LLVM build 2336.11.00)

time: Sat Dec 10 22:04:34 2016
elapsed time: 22 seconds (0d 0h 0m 22s)

